<?xml version="1.0" encoding="UTF-8"?>
<testsuite xmlns:xsi="http://www.w3.org/2001/XMLSchema-instance" xsi:noNamespaceSchemaLocation="https://maven.apache.org/surefire/maven-surefire-plugin/xsd/surefire-test-report.xsd" version="3.0.2" name="com.upiiz.discounts.ProyectoFinalApplicationTests" time="5.992" tests="1" errors="0" skipped="0" failures="0">
  <properties>
[...]
</properties>
  <testcase name="contextLoads" classname="com.upiiz.discounts.ProyectoFinalApplicationTests" time="0.616">
    <system-out><![CDATA[16:14:16.617 [main] INFO org.springframework.test.context.support.AnnotationConfigContextLoaderUtils -- Could not detect default configuration classes for test class [com.upiiz.discounts.ProyectoFinalApplicationTests]: ProyectoFinalApplicationTests does not declare any static, non-private, non-final, nested classes annotated with @Configuration.
16:14:16.715 [main] INFO org.springframework.boot.test.context.SpringBootTestContextBootstrapper -- Found @SpringBootConfiguration com.upiiz.discounts.ProyectoFinalApplication for test class com.upiiz.discounts.ProyectoFinalApplicationTests
16:14:16.884 [main] INFO org.springframework.boot.devtools.restart.RestartApplicationListener -- Restart disabled due to context in which it is running

  .   ____          _            __ _ _
 /\\ / ___'_ __ _ _(_)_ __  __ _ \ \ \ \
( ( )\___ | '_ | '_| | '_ \/ _` | \ \ \ \
 \\/  ___)| |_)| | | | | || (_| |  ) ) ) )
  '  |____| .__|_| |_|_| |_\__, | / / / /
 =========|_|==============|___/=/_/_/_/

 :: Spring Boot ::                (v3.4.1)

2025-01-10T16:14:17.134-06:00  INFO 14620 --- [proyectoFinal] [           main] c.u.d.ProyectoFinalApplicationTests      : Starting ProyectoFinalApplicationTests using Java 19.0.2 with PID 14620 (started by Raul in C:\Users\Raul\OneDrive\Escritorio\CBDF_RCA_ProyectoFinal\wcbdf-adl-api-expenses)
2025-01-10T16:14:17.134-06:00 DEBUG 14620 --- [proyectoFinal] [           main] c.u.d.ProyectoFinalApplicationTests      : Running with Spring Boot v3.4.1, Spring v6.2.1
2025-01-10T16:14:17.135-06:00  INFO 14620 --- [proyectoFinal] [           main] c.u.d.ProyectoFinalApplicationTests      : No active profile set, falling back to 1 default profile: "default"
2025-01-10T16:14:17.135-06:00 DEBUG 14620 --- [proyectoFinal] [           main] o.s.boot.SpringApplication               : Loading source class com.upiiz.discounts.ProyectoFinalApplication
2025-01-10T16:14:17.161-06:00 DEBUG 14620 --- [proyectoFinal] [           main] o.s.w.c.s.GenericWebApplicationContext   : Refreshing org.springframework.web.context.support.GenericWebApplicationContext@5987e932
2025-01-10T16:14:17.179-06:00 DEBUG 14620 --- [proyectoFinal] [           main] o.s.b.f.s.DefaultListableBeanFactory     : Creating shared instance of singleton bean 'org.springframework.context.annotation.internalConfigurationAnnotationProcessor'
2025-01-10T16:14:17.192-06:00 DEBUG 14620 --- [proyectoFinal] [           main] o.s.b.f.s.DefaultListableBeanFactory     : Creating shared instance of singleton bean 'org.springframework.boot.autoconfigure.internalCachingMetadataReaderFactory'
2025-01-10T16:14:17.234-06:00 DEBUG 14620 --- [proyectoFinal] [           main] o.s.c.a.ClassPathBeanDefinitionScanner   : Identified candidate component class: file [C:\Users\Raul\OneDrive\Escritorio\CBDF_RCA_ProyectoFinal\wcbdf-adl-api-expenses\target\classes\com\upiiz\discounts\config\OpenApiConfiguration.class]
2025-01-10T16:14:17.242-06:00 DEBUG 14620 --- [proyectoFinal] [           main] o.s.c.a.ClassPathBeanDefinitionScanner   : Identified candidate component class: file [C:\Users\Raul\OneDrive\Escritorio\CBDF_RCA_ProyectoFinal\wcbdf-adl-api-expenses\target\classes\com\upiiz\discounts\config\SecurityConfig.class]
2025-01-10T16:14:17.256-06:00 DEBUG 14620 --- [proyectoFinal] [           main] o.s.c.a.ClassPathBeanDefinitionScanner   : Identified candidate component class: file [C:\Users\Raul\OneDrive\Escritorio\CBDF_RCA_ProyectoFinal\wcbdf-adl-api-expenses\target\classes\com\upiiz\discounts\controller\DiscountController.class]
2025-01-10T16:14:17.261-06:00 DEBUG 14620 --- [proyectoFinal] [           main] o.s.c.a.ClassPathBeanDefinitionScanner   : Identified candidate component class: file [C:\Users\Raul\OneDrive\Escritorio\CBDF_RCA_ProyectoFinal\wcbdf-adl-api-expenses\target\classes\com\upiiz\discounts\services\DiscountService.class]
2025-01-10T16:14:17.997-06:00  INFO 14620 --- [proyectoFinal] [           main] .s.d.r.c.RepositoryConfigurationDelegate : Bootstrapping Spring Data JPA repositories in DEFAULT mode.
2025-01-10T16:14:18.005-06:00 DEBUG 14620 --- [proyectoFinal] [           main] o.s.b.f.s.DefaultListableBeanFactory     : Creating shared instance of singleton bean 'org.springframework.boot.autoconfigure.AutoConfigurationPackages'
2025-01-10T16:14:18.015-06:00 DEBUG 14620 --- [proyectoFinal] [           main] o.s.b.a.AutoConfigurationPackages        : @EnableAutoConfiguration was declared on a class in the package 'com.upiiz.discounts'. Automatic @Repository and @Entity scanning is enabled.
2025-01-10T16:14:18.015-06:00 DEBUG 14620 --- [proyectoFinal] [           main] .s.d.r.c.RepositoryConfigurationDelegate : Scanning for JPA repositories in packages com.upiiz.discounts.
2025-01-10T16:14:18.026-06:00 DEBUG 14620 --- [proyectoFinal] [           main] o.s.d.r.c.RepositoryComponentProvider    : Identified candidate component class: file [C:\Users\Raul\OneDrive\Escritorio\CBDF_RCA_ProyectoFinal\wcbdf-adl-api-expenses\target\classes\com\upiiz\discounts\repository\DiscountRepository.class]
2025-01-10T16:14:18.058-06:00  INFO 14620 --- [proyectoFinal] [           main] .s.d.r.c.RepositoryConfigurationDelegate : Finished Spring Data repository scanning in 40 ms. Found 1 JPA repository interface.
2025-01-10T16:14:18.206-06:00 DEBUG 14620 --- [proyectoFinal] [           main] o.s.b.f.s.DefaultListableBeanFactory     : Creating shared instance of singleton bean 'springSecurityHandlerMappingIntrospectorBeanDefinitionRegistryPostProcessor'
2025-01-10T16:14:18.317-06:00 DEBUG 14620 --- [proyectoFinal] [           main] o.s.b.f.s.DefaultListableBeanFactory     : Creating shared instance of singleton bean 'propertySourcesPlaceholderConfigurer'
2025-01-10T16:14:18.321-06:00 DEBUG 14620 --- [proyectoFinal] [           main] o.s.b.f.s.DefaultListableBeanFactory     : Creating shared instance of singleton bean 'org.springframework.boot.test.mock.mockito.MockitoPostProcessor'
2025-01-10T16:14:18.323-06:00 DEBUG 14620 --- [proyectoFinal] [           main] o.s.b.f.s.DefaultListableBeanFactory     : Creating shared instance of singleton bean 'emBeanDefinitionRegistrarPostProcessor'
2025-01-10T16:14:18.324-06:00 DEBUG 14620 --- [proyectoFinal] [           main] o.s.b.f.s.DefaultListableBeanFactory     : Creating shared instance of singleton bean 'org.springframework.boot.sql.init.dependency.DatabaseInitializationDependencyConfigurer$DependsOnDatabaseInitializationPostProcessor'
2025-01-10T16:14:18.392-06:00 DEBUG 14620 --- [proyectoFinal] [           main] o.s.b.f.s.DefaultListableBeanFactory     : Creating shared instance of singleton bean 'org.springframework.context.event.internalEventListenerProcessor'
2025-01-10T16:14:18.394-06:00 DEBUG 14620 --- [proyectoFinal] [           main] o.s.b.f.s.DefaultListableBeanFactory     : Creating shared instance of singleton bean 'conversionServicePostProcessor'
2025-01-10T16:14:18.403-06:00 DEBUG 14620 --- [proyectoFinal] [           main] o.s.b.f.s.DefaultListableBeanFactory     : Creating shared instance of singleton bean 'preserveErrorControllerTargetClassPostProcessor'
2025-01-10T16:14:18.405-06:00 DEBUG 14620 --- [proyectoFinal] [           main] o.s.b.f.s.DefaultListableBeanFactory     : Creating shared instance of singleton bean 'org.springframework.context.event.internalEventListenerFactory'
2025-01-10T16:14:18.405-06:00 DEBUG 14620 --- [proyectoFinal] [           main] o.s.b.f.s.DefaultListableBeanFactory     : Creating shared instance of singleton bean 'org.springframework.transaction.config.internalTransactionalEventListenerFactory'
2025-01-10T16:14:18.415-06:00 DEBUG 14620 --- [proyectoFinal] [           main] o.s.b.f.s.DefaultListableBeanFactory     : Creating shared instance of singleton bean 'org.springframework.boot.test.mock.mockito.MockitoPostProcessor$SpyPostProcessor'
2025-01-10T16:14:18.417-06:00 DEBUG 14620 --- [proyectoFinal] [           main] o.s.b.f.s.DefaultListableBeanFactory     : Creating shared instance of singleton bean 'org.springframework.context.annotation.internalAutowiredAnnotationProcessor'
2025-01-10T16:14:18.419-06:00 DEBUG 14620 --- [proyectoFinal] [           main] o.s.b.f.s.DefaultListableBeanFactory     : Creating shared instance of singleton bean 'org.springframework.context.annotation.internalCommonAnnotationProcessor'
2025-01-10T16:14:18.424-06:00 DEBUG 14620 --- [proyectoFinal] [           main] o.s.b.f.s.DefaultListableBeanFactory     : Creating shared instance of singleton bean 'org.springframework.context.annotation.internalPersistenceAnnotationProcessor'
2025-01-10T16:14:18.425-06:00 DEBUG 14620 --- [proyectoFinal] [           main] o.s.b.f.s.DefaultListableBeanFactory     : Creating shared instance of singleton bean 'org.springframework.boot.context.properties.ConfigurationPropertiesBindingPostProcessor'
2025-01-10T16:14:18.425-06:00 DEBUG 14620 --- [proyectoFinal] [           main] o.s.b.f.s.DefaultListableBeanFactory     : Creating shared instance of singleton bean 'org.springframework.boot.context.internalConfigurationPropertiesBinder'
2025-01-10T16:14:18.429-06:00 DEBUG 14620 --- [proyectoFinal] [           main] o.s.b.f.s.DefaultListableBeanFactory     : Creating shared instance of singleton bean 'jdbcConnectionDetailsHikariBeanPostProcessor'
2025-01-10T16:14:18.436-06:00 DEBUG 14620 --- [proyectoFinal] [           main] o.s.b.f.s.DefaultListableBeanFactory     : Creating shared instance of singleton bean 'org.springframework.aop.config.internalAutoProxyCreator'
2025-01-10T16:14:18.466-06:00 DEBUG 14620 --- [proyectoFinal] [           main] o.s.b.f.s.DefaultListableBeanFactory     : Creating shared instance of singleton bean 'methodValidationPostProcessor'
2025-01-10T16:14:18.468-06:00 DEBUG 14620 --- [proyectoFinal] [           main] o.s.b.f.s.DefaultListableBeanFactory     : Autowiring by type from bean name 'methodValidationPostProcessor' via factory method to bean named 'environment'
2025-01-10T16:14:18.483-06:00 DEBUG 14620 --- [proyectoFinal] [           main] o.s.b.f.s.DefaultListableBeanFactory     : Creating shared instance of singleton bean 'org.springframework.boot.context.properties.EnableConfigurationPropertiesRegistrar.methodValidationExcludeFilter'
2025-01-10T16:14:18.498-06:00 DEBUG 14620 --- [proyectoFinal] [           main] o.s.b.f.s.DefaultListableBeanFactory     : Creating shared instance of singleton bean 'persistenceExceptionTranslationPostProcessor'
2025-01-10T16:14:18.499-06:00 DEBUG 14620 --- [proyectoFinal] [           main] o.s.b.f.s.DefaultListableBeanFactory     : Autowiring by type from bean name 'persistenceExceptionTranslationPostProcessor' via factory method to bean named 'environment'
2025-01-10T16:14:18.501-06:00 DEBUG 14620 --- [proyectoFinal] [           main] o.s.b.f.s.DefaultListableBeanFactory     : Creating shared instance of singleton bean 'annotationActionEndpointMapping'
2025-01-10T16:14:18.501-06:00 DEBUG 14620 --- [proyectoFinal] [           main] o.s.b.f.s.DefaultListableBeanFactory     : Creating shared instance of singleton bean 'org.springframework.ws.config.annotation.DelegatingWsConfiguration'
2025-01-10T16:14:18.509-06:00  WARN 14620 --- [proyectoFinal] [           main] trationDelegate$BeanPostProcessorChecker : Bean 'org.springframework.ws.config.annotation.DelegatingWsConfiguration' of type [org.springframework.ws.config.annotation.DelegatingWsConfiguration$$SpringCGLIB$$0] is not eligible for getting processed by all BeanPostProcessors (for example: not eligible for auto-proxying). The currently created BeanPostProcessor [annotationActionEndpointMapping] is declared through a non-static factory method on that class; consider declaring it as static instead.
2025-01-10T16:14:18.565-06:00  INFO 14620 --- [proyectoFinal] [           main] .w.s.a.s.AnnotationActionEndpointMapping : Supporting [WS-Addressing August 2004, WS-Addressing 1.0]
2025-01-10T16:14:18.567-06:00 DEBUG 14620 --- [proyectoFinal] [           main] o.s.b.f.s.DefaultListableBeanFactory     : Creating shared instance of singleton bean 'webServerFactoryCustomizerBeanPostProcessor'
2025-01-10T16:14:18.568-06:00 DEBUG 14620 --- [proyectoFinal] [           main] o.s.b.f.s.DefaultListableBeanFactory     : Creating shared instance of singleton bean 'errorPageRegistrarBeanPostProcessor'
2025-01-10T16:14:18.568-06:00 DEBUG 14620 --- [proyectoFinal] [           main] o.s.b.f.s.DefaultListableBeanFactory     : Creating shared instance of singleton bean 'projectingArgumentResolverBeanPostProcessor'
2025-01-10T16:14:18.570-06:00 DEBUG 14620 --- [proyectoFinal] [           main] o.s.b.f.s.DefaultListableBeanFactory     : Creating shared instance of singleton bean 'preFilterAuthorizationAdvisor'
2025-01-10T16:14:18.571-06:00 DEBUG 14620 --- [proyectoFinal] [           main] o.s.b.f.s.DefaultListableBeanFactory     : Creating shared instance of singleton bean 'preFilterAuthorizationMethodInterceptor'
2025-01-10T16:14:18.593-06:00 DEBUG 14620 --- [proyectoFinal] [           main] o.s.b.f.s.DefaultListableBeanFactory     : Creating shared instance of singleton bean 'preAuthorizeAuthorizationAdvisor'
2025-01-10T16:14:18.593-06:00 DEBUG 14620 --- [proyectoFinal] [           main] o.s.b.f.s.DefaultListableBeanFactory     : Creating shared instance of singleton bean 'preAuthorizeAuthorizationMethodInterceptor'
2025-01-10T16:14:18.594-06:00 DEBUG 14620 --- [proyectoFinal] [           main] o.s.b.f.s.DefaultListableBeanFactory     : Creating shared instance of singleton bean 'postFilterAuthorizationAdvisor'
2025-01-10T16:14:18.595-06:00 DEBUG 14620 --- [proyectoFinal] [           main] o.s.b.f.s.DefaultListableBeanFactory     : Creating shared instance of singleton bean 'postFilterAuthorizationMethodInterceptor'
2025-01-10T16:14:18.596-06:00 DEBUG 14620 --- [proyectoFinal] [           main] o.s.b.f.s.DefaultListableBeanFactory     : Creating shared instance of singleton bean 'postAuthorizeAuthorizationAdvisor'
2025-01-10T16:14:18.596-06:00 DEBUG 14620 --- [proyectoFinal] [           main] o.s.b.f.s.DefaultListableBeanFactory     : Creating shared instance of singleton bean 'postAuthorizeAuthorizationMethodInterceptor'
2025-01-10T16:14:18.596-06:00 DEBUG 14620 --- [proyectoFinal] [           main] o.s.b.f.s.DefaultListableBeanFactory     : Creating shared instance of singleton bean 'authorizeReturnObjectAdvisor'
2025-01-10T16:14:18.597-06:00 DEBUG 14620 --- [proyectoFinal] [           main] o.s.b.f.s.DefaultListableBeanFactory     : Creating shared instance of singleton bean 'authorizeReturnObjectMethodInterceptor'
2025-01-10T16:14:18.597-06:00 DEBUG 14620 --- [proyectoFinal] [           main] o.s.b.f.s.DefaultListableBeanFactory     : Creating shared instance of singleton bean 'authorizationProxyFactory'
2025-01-10T16:14:18.601-06:00 DEBUG 14620 --- [proyectoFinal] [           main] o.s.b.f.s.DefaultListableBeanFactory     : Autowiring by type from bean name 'authorizeReturnObjectMethodInterceptor' via factory method to bean named 'authorizationProxyFactory'
2025-01-10T16:14:18.608-06:00 DEBUG 14620 --- [proyectoFinal] [           main] o.s.b.f.s.DefaultListableBeanFactory     : Creating shared instance of singleton bean 'org.springframework.transaction.config.internalTransactionAdvisor'
2025-01-10T16:14:18.609-06:00 DEBUG 14620 --- [proyectoFinal] [           main] o.s.b.f.s.DefaultListableBeanFactory     : Creating shared instance of singleton bean 'org.springframework.transaction.annotation.ProxyTransactionManagementConfiguration'
2025-01-10T16:14:18.637-06:00 DEBUG 14620 --- [proyectoFinal] [           main] o.s.b.f.s.DefaultListableBeanFactory     : Creating shared instance of singleton bean 'transactionAttributeSource'
2025-01-10T16:14:18.641-06:00 DEBUG 14620 --- [proyectoFinal] [           main] o.s.b.f.s.DefaultListableBeanFactory     : Creating shared instance of singleton bean 'transactionInterceptor'
2025-01-10T16:14:18.642-06:00 DEBUG 14620 --- [proyectoFinal] [           main] o.s.b.f.s.DefaultListableBeanFactory     : Autowiring by type from bean name 'transactionInterceptor' via factory method to bean named 'transactionAttributeSource'
2025-01-10T16:14:18.647-06:00 DEBUG 14620 --- [proyectoFinal] [           main] o.s.b.f.s.DefaultListableBeanFactory     : Autowiring by type from bean name 'org.springframework.transaction.config.internalTransactionAdvisor' via factory method to bean named 'transactionAttributeSource'
2025-01-10T16:14:18.648-06:00 DEBUG 14620 --- [proyectoFinal] [           main] o.s.b.f.s.DefaultListableBeanFactory     : Autowiring by type from bean name 'org.springframework.transaction.config.internalTransactionAdvisor' via factory method to bean named 'transactionInterceptor'
2025-01-10T16:14:18.665-06:00 DEBUG 14620 --- [proyectoFinal] [           main] o.s.b.f.s.DefaultListableBeanFactory     : Creating shared instance of singleton bean 'hypermediaRepresentionModelProcessorConfigurator'
2025-01-10T16:14:18.666-06:00 DEBUG 14620 --- [proyectoFinal] [           main] o.s.b.f.s.DefaultListableBeanFactory     : Creating shared instance of singleton bean 'hypermediaRestTemplateBeanPostProcessor'
2025-01-10T16:14:18.670-06:00 DEBUG 14620 --- [proyectoFinal] [           main] o.s.u.c.s.UiApplicationContextUtils      : Unable to locate ThemeSource with name 'themeSource': using default [org.springframework.ui.context.support.ResourceBundleThemeSource@74ba6ff5]
2025-01-10T16:14:18.671-06:00 DEBUG 14620 --- [proyectoFinal] [           main] o.s.b.f.s.DefaultListableBeanFactory     : Creating shared instance of singleton bean 'org.springframework.test.context.support.internalDynamicPropertyRegistrarBeanInitializer'
2025-01-10T16:14:18.676-06:00 DEBUG 14620 --- [proyectoFinal] [           main] o.s.b.f.s.DefaultListableBeanFactory     : Creating shared instance of singleton bean 'dataSourceScriptDatabaseInitializer'
2025-01-10T16:14:18.677-06:00 DEBUG 14620 --- [proyectoFinal] [           main] o.s.b.f.s.DefaultListableBeanFactory     : Creating shared instance of singleton bean 'org.springframework.boot.autoconfigure.sql.init.DataSourceInitializationConfiguration'
2025-01-10T16:14:18.679-06:00 DEBUG 14620 --- [proyectoFinal] [           main] o.s.b.f.s.DefaultListableBeanFactory     : Creating shared instance of singleton bean 'dataSource'
2025-01-10T16:14:18.679-06:00 DEBUG 14620 --- [proyectoFinal] [           main] o.s.b.f.s.DefaultListableBeanFactory     : Creating shared instance of singleton bean 'org.springframework.boot.autoconfigure.jdbc.DataSourceConfiguration$Hikari'
2025-01-10T16:14:18.682-06:00 DEBUG 14620 --- [proyectoFinal] [           main] o.s.b.f.s.DefaultListableBeanFactory     : Creating shared instance of singleton bean 'spring.datasource-org.springframework.boot.autoconfigure.jdbc.DataSourceProperties'
2025-01-10T16:14:18.682-06:00 DEBUG 14620 --- [proyectoFinal] [           main] o.s.b.f.s.DefaultListableBeanFactory     : Creating shared instance of singleton bean 'org.springframework.boot.context.properties.BoundConfigurationProperties'
2025-01-10T16:14:18.701-06:00 DEBUG 14620 --- [proyectoFinal] [           main] o.s.b.f.s.DefaultListableBeanFactory     : Creating shared instance of singleton bean 'jdbcConnectionDetails'
2025-01-10T16:14:18.701-06:00 DEBUG 14620 --- [proyectoFinal] [           main] o.s.b.f.s.DefaultListableBeanFactory     : Creating shared instance of singleton bean 'org.springframework.boot.autoconfigure.jdbc.DataSourceAutoConfiguration$PooledDataSourceConfiguration'
2025-01-10T16:14:18.703-06:00 DEBUG 14620 --- [proyectoFinal] [           main] o.s.b.f.s.DefaultListableBeanFactory     : Autowiring by type from bean name 'jdbcConnectionDetails' via factory method to bean named 'spring.datasource-org.springframework.boot.autoconfigure.jdbc.DataSourceProperties'
2025-01-10T16:14:18.704-06:00 DEBUG 14620 --- [proyectoFinal] [           main] o.s.b.f.s.DefaultListableBeanFactory     : Autowiring by type from bean name 'dataSource' via factory method to bean named 'spring.datasource-org.springframework.boot.autoconfigure.jdbc.DataSourceProperties'
2025-01-10T16:14:18.704-06:00 DEBUG 14620 --- [proyectoFinal] [           main] o.s.b.f.s.DefaultListableBeanFactory     : Autowiring by type from bean name 'dataSource' via factory method to bean named 'jdbcConnectionDetails'
2025-01-10T16:14:18.736-06:00 DEBUG 14620 --- [proyectoFinal] [           main] o.s.b.f.s.DefaultListableBeanFactory     : Creating shared instance of singleton bean 'spring.sql.init-org.springframework.boot.autoconfigure.sql.init.SqlInitializationProperties'
2025-01-10T16:14:18.739-06:00 DEBUG 14620 --- [proyectoFinal] [           main] o.s.b.f.s.DefaultListableBeanFactory     : Autowiring by type from bean name 'dataSourceScriptDatabaseInitializer' via factory method to bean named 'dataSource'
2025-01-10T16:14:18.739-06:00 DEBUG 14620 --- [proyectoFinal] [           main] o.s.b.f.s.DefaultListableBeanFactory     : Autowiring by type from bean name 'dataSourceScriptDatabaseInitializer' via factory method to bean named 'spring.sql.init-org.springframework.boot.autoconfigure.sql.init.SqlInitializationProperties'
2025-01-10T16:14:18.747-06:00 DEBUG 14620 --- [proyectoFinal] [           main] o.s.b.f.s.DefaultListableBeanFactory     : Creating shared instance of singleton bean 'entityManagerFactory'
2025-01-10T16:14:18.748-06:00 DEBUG 14620 --- [proyectoFinal] [           main] o.s.b.f.s.DefaultListableBeanFactory     : Creating shared instance of singleton bean 'org.springframework.boot.autoconfigure.orm.jpa.HibernateJpaConfiguration'
2025-01-10T16:14:18.749-06:00 DEBUG 14620 --- [proyectoFinal] [           main] o.s.b.f.s.DefaultListableBeanFactory     : Creating shared instance of singleton bean 'spring.jpa-org.springframework.boot.autoconfigure.orm.jpa.JpaProperties'
2025-01-10T16:14:18.754-06:00 DEBUG 14620 --- [proyectoFinal] [           main] o.s.b.f.s.DefaultListableBeanFactory     : Creating shared instance of singleton bean 'spring.jpa.hibernate-org.springframework.boot.autoconfigure.orm.jpa.HibernateProperties'
2025-01-10T16:14:18.756-06:00 DEBUG 14620 --- [proyectoFinal] [           main] o.s.b.f.s.DefaultListableBeanFactory     : Autowiring by type from bean name 'org.springframework.boot.autoconfigure.orm.jpa.HibernateJpaConfiguration' via constructor to bean named 'dataSource'
2025-01-10T16:14:18.756-06:00 DEBUG 14620 --- [proyectoFinal] [           main] o.s.b.f.s.DefaultListableBeanFactory     : Autowiring by type from bean name 'org.springframework.boot.autoconfigure.orm.jpa.HibernateJpaConfiguration' via constructor to bean named 'spring.jpa-org.springframework.boot.autoconfigure.orm.jpa.JpaProperties'
2025-01-10T16:14:18.756-06:00 DEBUG 14620 --- [proyectoFinal] [           main] o.s.b.f.s.DefaultListableBeanFactory     : Autowiring by type from bean name 'org.springframework.boot.autoconfigure.orm.jpa.HibernateJpaConfiguration' via constructor to bean named 'org.springframework.beans.factory.support.DefaultListableBeanFactory@6999cd39'
2025-01-10T16:14:18.756-06:00 DEBUG 14620 --- [proyectoFinal] [           main] o.s.b.f.s.DefaultListableBeanFactory     : Autowiring by type from bean name 'org.springframework.boot.autoconfigure.orm.jpa.HibernateJpaConfiguration' via constructor to bean named 'spring.jpa.hibernate-org.springframework.boot.autoconfigure.orm.jpa.HibernateProperties'
2025-01-10T16:14:18.761-06:00 DEBUG 14620 --- [proyectoFinal] [           main] o.s.b.f.s.DefaultListableBeanFactory     : Creating shared instance of singleton bean 'hikariPoolDataSourceMetadataProvider'
2025-01-10T16:14:18.761-06:00 DEBUG 14620 --- [proyectoFinal] [           main] o.s.b.f.s.DefaultListableBeanFactory     : Creating shared instance of singleton bean 'org.springframework.boot.autoconfigure.jdbc.metadata.DataSourcePoolMetadataProvidersConfiguration$HikariPoolDataSourceMetadataProviderConfiguration'
2025-01-10T16:14:18.769-06:00 DEBUG 14620 --- [proyectoFinal] [           main] o.s.b.f.s.DefaultListableBeanFactory     : Creating shared instance of singleton bean 'entityManagerFactoryBuilder'
2025-01-10T16:14:18.770-06:00 DEBUG 14620 --- [proyectoFinal] [           main] o.s.b.f.s.DefaultListableBeanFactory     : Creating shared instance of singleton bean 'jpaVendorAdapter'
2025-01-10T16:14:18.786-06:00 DEBUG 14620 --- [proyectoFinal] [           main] o.s.b.f.s.DefaultListableBeanFactory     : Autowiring by type from bean name 'entityManagerFactoryBuilder' via factory method to bean named 'jpaVendorAdapter'
2025-01-10T16:14:18.799-06:00 DEBUG 14620 --- [proyectoFinal] [           main] o.s.b.f.s.DefaultListableBeanFactory     : Creating shared instance of singleton bean 'persistenceManagedTypes'
2025-01-10T16:14:18.801-06:00 DEBUG 14620 --- [proyectoFinal] [           main] o.s.b.f.s.DefaultListableBeanFactory     : Autowiring by type from bean name 'persistenceManagedTypes' via factory method to bean named 'org.springframework.beans.factory.support.DefaultListableBeanFactory@6999cd39'
2025-01-10T16:14:18.801-06:00 DEBUG 14620 --- [proyectoFinal] [           main] o.s.b.f.s.DefaultListableBeanFactory     : Autowiring by type from bean name 'persistenceManagedTypes' via factory method to bean named 'org.springframework.web.context.support.GenericWebApplicationContext@5987e932'
2025-01-10T16:14:18.816-06:00 DEBUG 14620 --- [proyectoFinal] [           main] o.s.b.f.s.DefaultListableBeanFactory     : Autowiring by type from bean name 'entityManagerFactory' via factory method to bean named 'entityManagerFactoryBuilder'
2025-01-10T16:14:18.816-06:00 DEBUG 14620 --- [proyectoFinal] [           main] o.s.b.f.s.DefaultListableBeanFactory     : Autowiring by type from bean name 'entityManagerFactory' via factory method to bean named 'persistenceManagedTypes'
2025-01-10T16:14:18.828-06:00 DEBUG 14620 --- [proyectoFinal] [           main] j.LocalContainerEntityManagerFactoryBean : Building JPA container EntityManagerFactory for persistence unit 'default'
2025-01-10T16:14:18.858-06:00  INFO 14620 --- [proyectoFinal] [           main] o.hibernate.jpa.internal.util.LogHelper  : HHH000204: Processing PersistenceUnitInfo [name: default]
2025-01-10T16:14:18.944-06:00  INFO 14620 --- [proyectoFinal] [           main] org.hibernate.Version                    : HHH000412: Hibernate ORM core version 6.6.4.Final
2025-01-10T16:14:18.991-06:00  INFO 14620 --- [proyectoFinal] [           main] o.h.c.internal.RegionFactoryInitiator    : HHH000026: Second-level cache disabled
2025-01-10T16:14:19.329-06:00  INFO 14620 --- [proyectoFinal] [           main] o.s.o.j.p.SpringPersistenceUnitInfo      : No LoadTimeWeaver setup: ignoring JPA class transformer
2025-01-10T16:14:19.371-06:00  INFO 14620 --- [proyectoFinal] [           main] com.zaxxer.hikari.HikariDataSource       : HikariPool-1 - Starting...
2025-01-10T16:14:19.556-06:00  INFO 14620 --- [proyectoFinal] [           main] com.zaxxer.hikari.pool.HikariPool        : HikariPool-1 - Added connection com.mysql.cj.jdbc.ConnectionImpl@3ec7eb5
2025-01-10T16:14:19.557-06:00  INFO 14620 --- [proyectoFinal] [           main] com.zaxxer.hikari.HikariDataSource       : HikariPool-1 - Start completed.
2025-01-10T16:14:19.581-06:00  WARN 14620 --- [proyectoFinal] [           main] org.hibernate.orm.deprecation            : HHH90000025: MySQL8Dialect does not need to be specified explicitly using 'hibernate.dialect' (remove the property setting and it will be selected by default)
2025-01-10T16:14:19.582-06:00  WARN 14620 --- [proyectoFinal] [           main] org.hibernate.orm.deprecation            : HHH90000026: MySQL8Dialect has been deprecated; use org.hibernate.dialect.MySQLDialect instead
2025-01-10T16:14:19.597-06:00  INFO 14620 --- [proyectoFinal] [           main] org.hibernate.orm.connections.pooling    : HHH10001005: Database info:
	Database JDBC URL [Connecting through datasource 'HikariDataSource (HikariPool-1)']
	Database driver: undefined/unknown
	Database version: 8.0
	Autocommit mode: undefined/unknown
	Isolation level: undefined/unknown
	Minimum pool size: undefined/unknown
	Maximum pool size: undefined/unknown
2025-01-10T16:14:19.604-06:00 DEBUG 14620 --- [proyectoFinal] [           main] o.h.t.d.sql.spi.DdlTypeRegistry          : addDescriptor(12, org.hibernate.type.descriptor.sql.internal.CapacityDependentDdlType@c1a74d) replaced previous registration(org.hibernate.type.descriptor.sql.internal.CapacityDependentDdlType@472719df)
2025-01-10T16:14:19.604-06:00 DEBUG 14620 --- [proyectoFinal] [           main] o.h.t.d.sql.spi.DdlTypeRegistry          : addDescriptor(-9, org.hibernate.type.descriptor.sql.internal.CapacityDependentDdlType@5cfa2ac5) replaced previous registration(org.hibernate.type.descriptor.sql.internal.CapacityDependentDdlType@4cc89246)
2025-01-10T16:14:19.604-06:00 DEBUG 14620 --- [proyectoFinal] [           main] o.h.t.d.sql.spi.DdlTypeRegistry          : addDescriptor(-3, org.hibernate.type.descriptor.sql.internal.CapacityDependentDdlType@413eaf5d) replaced previous registration(org.hibernate.type.descriptor.sql.internal.CapacityDependentDdlType@3e28af44)
2025-01-10T16:14:19.604-06:00 DEBUG 14620 --- [proyectoFinal] [           main] o.h.t.d.sql.spi.DdlTypeRegistry          : addDescriptor(4003, org.hibernate.type.descriptor.sql.internal.DdlTypeImpl@33891646) replaced previous registration(org.hibernate.type.descriptor.sql.internal.DdlTypeImpl@3bdbf8d3)
2025-01-10T16:14:19.605-06:00 DEBUG 14620 --- [proyectoFinal] [           main] o.h.t.d.sql.spi.DdlTypeRegistry          : addDescriptor(4001, org.hibernate.type.descriptor.sql.internal.DdlTypeImpl@f2becb2) replaced previous registration(org.hibernate.type.descriptor.sql.internal.DdlTypeImpl@7482309c)
2025-01-10T16:14:19.605-06:00 DEBUG 14620 --- [proyectoFinal] [           main] o.h.t.d.sql.spi.DdlTypeRegistry          : addDescriptor(4002, org.hibernate.type.descriptor.sql.internal.DdlTypeImpl@f42336c) replaced previous registration(org.hibernate.type.descriptor.sql.internal.DdlTypeImpl@6b3b4f37)
2025-01-10T16:14:19.605-06:00 DEBUG 14620 --- [proyectoFinal] [           main] o.h.t.d.sql.spi.DdlTypeRegistry          : addDescriptor(2004, org.hibernate.type.descriptor.sql.internal.CapacityDependentDdlType@3b25709e) replaced previous registration(org.hibernate.type.descriptor.sql.internal.DdlTypeImpl@5ec6a1b6)
2025-01-10T16:14:19.605-06:00 DEBUG 14620 --- [proyectoFinal] [           main] o.h.t.d.sql.spi.DdlTypeRegistry          : addDescriptor(2005, org.hibernate.type.descriptor.sql.internal.CapacityDependentDdlType@40013051) replaced previous registration(org.hibernate.type.descriptor.sql.internal.DdlTypeImpl@71f29d91)
2025-01-10T16:14:19.605-06:00 DEBUG 14620 --- [proyectoFinal] [           main] o.h.t.d.sql.spi.DdlTypeRegistry          : addDescriptor(2011, org.hibernate.type.descriptor.sql.internal.CapacityDependentDdlType@6143b2b1) replaced previous registration(org.hibernate.type.descriptor.sql.internal.DdlTypeImpl@a63643e)
2025-01-10T16:14:20.354-06:00  INFO 14620 --- [proyectoFinal] [           main] o.h.e.t.j.p.i.JtaPlatformInitiator       : HHH000489: No JTA platform available (set 'hibernate.transaction.jta.platform' to enable JTA platform integration)
2025-01-10T16:14:20.368-06:00 DEBUG 14620 --- [proyectoFinal] [           main] org.hibernate.SQL                        : 
    drop table if exists discounts
Hibernate: 
    drop table if exists discounts
2025-01-10T16:14:20.387-06:00 DEBUG 14620 --- [proyectoFinal] [           main] org.hibernate.SQL                        : 
    create table discounts (
        monto_descuento float(53),
        valido_hasta date,
        id bigint not null auto_increment,
        codigo_descuento varchar(255),
        primary key (id)
    ) engine=InnoDB
Hibernate: 
    create table discounts (
        monto_descuento float(53),
        valido_hasta date,
        id bigint not null auto_increment,
        codigo_descuento varchar(255),
        primary key (id)
    ) engine=InnoDB
2025-01-10T16:14:20.397-06:00  INFO 14620 --- [proyectoFinal] [           main] j.LocalContainerEntityManagerFactoryBean : Initialized JPA EntityManagerFactory for persistence unit 'default'
2025-01-10T16:14:20.402-06:00 DEBUG 14620 --- [proyectoFinal] [           main] o.s.b.f.s.DefaultListableBeanFactory     : Creating shared instance of singleton bean 'proyectoFinalApplication'
2025-01-10T16:14:20.404-06:00 DEBUG 14620 --- [proyectoFinal] [           main] o.s.b.f.s.DefaultListableBeanFactory     : Creating shared instance of singleton bean 'openApiConfiguration'
2025-01-10T16:14:20.405-06:00 DEBUG 14620 --- [proyectoFinal] [           main] o.s.b.f.s.DefaultListableBeanFactory     : Creating shared instance of singleton bean 'securityConfig'
2025-01-10T16:14:20.410-06:00 DEBUG 14620 --- [proyectoFinal] [           main] o.s.b.f.s.DefaultListableBeanFactory     : Creating shared instance of singleton bean 'org.springframework.security.config.annotation.authentication.configuration.AuthenticationConfiguration'
2025-01-10T16:14:20.413-06:00 DEBUG 14620 --- [proyectoFinal] [           main] o.s.b.f.s.DefaultListableBeanFactory     : Creating shared instance of singleton bean 'enableGlobalAuthenticationAutowiredConfigurer'
2025-01-10T16:14:20.414-06:00 DEBUG 14620 --- [proyectoFinal] [           main] o.s.b.f.s.DefaultListableBeanFactory     : Autowiring by type from bean name 'enableGlobalAuthenticationAutowiredConfigurer' via factory method to bean named 'org.springframework.web.context.support.GenericWebApplicationContext@5987e932'
2025-01-10T16:14:20.417-06:00 DEBUG 14620 --- [proyectoFinal] [           main] o.s.b.f.s.DefaultListableBeanFactory     : Creating shared instance of singleton bean 'initializeUserDetailsBeanManagerConfigurer'
2025-01-10T16:14:20.418-06:00 DEBUG 14620 --- [proyectoFinal] [           main] o.s.b.f.s.DefaultListableBeanFactory     : Autowiring by type from bean name 'initializeUserDetailsBeanManagerConfigurer' via factory method to bean named 'org.springframework.web.context.support.GenericWebApplicationContext@5987e932'
2025-01-10T16:14:20.419-06:00 DEBUG 14620 --- [proyectoFinal] [           main] o.s.b.f.s.DefaultListableBeanFactory     : Creating shared instance of singleton bean 'initializeAuthenticationProviderBeanManagerConfigurer'
2025-01-10T16:14:20.419-06:00 DEBUG 14620 --- [proyectoFinal] [           main] o.s.b.f.s.DefaultListableBeanFactory     : Autowiring by type from bean name 'initializeAuthenticationProviderBeanManagerConfigurer' via factory method to bean named 'org.springframework.web.context.support.GenericWebApplicationContext@5987e932'
2025-01-10T16:14:20.420-06:00 DEBUG 14620 --- [proyectoFinal] [           main] o.s.b.f.s.DefaultListableBeanFactory     : Creating shared instance of singleton bean 'objectPostProcessor'
2025-01-10T16:14:20.420-06:00 DEBUG 14620 --- [proyectoFinal] [           main] o.s.b.f.s.DefaultListableBeanFactory     : Creating shared instance of singleton bean 'org.springframework.security.config.annotation.configuration.ObjectPostProcessorConfiguration'
2025-01-10T16:14:20.421-06:00 DEBUG 14620 --- [proyectoFinal] [           main] o.s.b.f.s.DefaultListableBeanFactory     : Autowiring by type from bean name 'objectPostProcessor' via factory method to bean named 'org.springframework.beans.factory.support.DefaultListableBeanFactory@6999cd39'
2025-01-10T16:14:20.424-06:00 DEBUG 14620 --- [proyectoFinal] [           main] o.s.b.f.s.DefaultListableBeanFactory     : Creating shared instance of singleton bean 'discountController'
2025-01-10T16:14:20.429-06:00 DEBUG 14620 --- [proyectoFinal] [           main] o.s.b.f.s.DefaultListableBeanFactory     : Creating shared instance of singleton bean 'discountService'
2025-01-10T16:14:20.430-06:00 DEBUG 14620 --- [proyectoFinal] [           main] o.s.b.f.s.DefaultListableBeanFactory     : Creating shared instance of singleton bean 'discountRepository'
2025-01-10T16:14:20.437-06:00 DEBUG 14620 --- [proyectoFinal] [           main] o.s.b.f.s.DefaultListableBeanFactory     : Creating shared instance of singleton bean 'jpa.named-queries#0'
2025-01-10T16:14:20.440-06:00 DEBUG 14620 --- [proyectoFinal] [           main] o.s.b.f.s.DefaultListableBeanFactory     : Creating shared instance of singleton bean 'jpa.DiscountRepository.fragments#0'
2025-01-10T16:14:20.448-06:00 DEBUG 14620 --- [proyectoFinal] [           main] o.s.b.f.s.DefaultListableBeanFactory     : Creating shared instance of singleton bean 'jpaSharedEM_entityManagerFactory'
2025-01-10T16:14:20.471-06:00 DEBUG 14620 --- [proyectoFinal] [           main] o.s.b.f.s.DefaultListableBeanFactory     : Creating shared instance of singleton bean 'jpaMappingContext'
2025-01-10T16:14:20.473-06:00 DEBUG 14620 --- [proyectoFinal] [           main] .c.JpaMetamodelMappingContextFactoryBean : Initializing JpaMetamodelMappingContext…
2025-01-10T16:14:20.487-06:00 DEBUG 14620 --- [proyectoFinal] [           main] .c.JpaMetamodelMappingContextFactoryBean : Finished initializing JpaMetamodelMappingContext
2025-01-10T16:14:20.513-06:00 DEBUG 14620 --- [proyectoFinal] [           main] tor$SharedEntityManagerInvocationHandler : Creating new EntityManager for shared EntityManager invocation
2025-01-10T16:14:20.548-06:00 DEBUG 14620 --- [proyectoFinal] [           main] tor$SharedEntityManagerInvocationHandler : Creating new EntityManager for shared EntityManager invocation
2025-01-10T16:14:20.586-06:00 DEBUG 14620 --- [proyectoFinal] [           main] o.s.d.r.c.s.RepositoryFactorySupport     : Initializing repository instance for com.upiiz.discounts.repository.DiscountRepository…
2025-01-10T16:14:20.597-06:00 DEBUG 14620 --- [proyectoFinal] [           main] tor$SharedEntityManagerInvocationHandler : Creating new EntityManager for shared EntityManager invocation
2025-01-10T16:14:20.620-06:00 DEBUG 14620 --- [proyectoFinal] [           main] o.s.d.r.c.s.RepositoryFactorySupport     : Finished creation of repository instance for com.upiiz.discounts.repository.DiscountRepository.
2025-01-10T16:14:20.627-06:00 DEBUG 14620 --- [proyectoFinal] [           main] o.s.b.f.s.DefaultListableBeanFactory     : Creating shared instance of singleton bean 'authenticationManagerBuilder'
2025-01-10T16:14:20.627-06:00 DEBUG 14620 --- [proyectoFinal] [           main] o.s.b.f.s.DefaultListableBeanFactory     : Autowiring by type from bean name 'authenticationManagerBuilder' via factory method to bean named 'objectPostProcessor'
2025-01-10T16:14:20.627-06:00 DEBUG 14620 --- [proyectoFinal] [           main] o.s.b.f.s.DefaultListableBeanFactory     : Autowiring by type from bean name 'authenticationManagerBuilder' via factory method to bean named 'org.springframework.web.context.support.GenericWebApplicationContext@5987e932'
2025-01-10T16:14:20.629-06:00 DEBUG 14620 --- [proyectoFinal] [           main] o.s.b.f.s.DefaultListableBeanFactory     : Creating shared instance of singleton bean 'authenticationEventPublisher'
2025-01-10T16:14:20.629-06:00 DEBUG 14620 --- [proyectoFinal] [           main] o.s.b.f.s.DefaultListableBeanFactory     : Creating shared instance of singleton bean 'org.springframework.boot.autoconfigure.security.servlet.SecurityAutoConfiguration'
2025-01-10T16:14:20.631-06:00 DEBUG 14620 --- [proyectoFinal] [           main] o.s.b.f.s.DefaultListableBeanFactory     : Autowiring by type from bean name 'authenticationEventPublisher' via factory method to bean named 'org.springframework.web.context.support.GenericWebApplicationContext@5987e932'
2025-01-10T16:14:20.641-06:00 DEBUG 14620 --- [proyectoFinal] [           main] o.s.b.f.s.DefaultListableBeanFactory     : Creating shared instance of singleton bean 'org.springframework.security.config.annotation.web.configuration.WebSecurityConfiguration'
2025-01-10T16:14:20.644-06:00 DEBUG 14620 --- [proyectoFinal] [           main] o.s.b.f.s.DefaultListableBeanFactory     : Creating shared instance of singleton bean 'org.springframework.security.config.annotation.web.configuration.HttpSecurityConfiguration'
2025-01-10T16:14:20.649-06:00 DEBUG 14620 --- [proyectoFinal] [           main] o.s.b.f.s.DefaultListableBeanFactory     : Creating shared instance of singleton bean 'mvcContentNegotiationManager'
2025-01-10T16:14:20.649-06:00 DEBUG 14620 --- [proyectoFinal] [           main] o.s.b.f.s.DefaultListableBeanFactory     : Creating shared instance of singleton bean 'org.springframework.boot.autoconfigure.web.servlet.WebMvcAutoConfiguration$EnableWebMvcConfiguration'
2025-01-10T16:14:20.650-06:00 DEBUG 14620 --- [proyectoFinal] [           main] o.s.b.f.s.DefaultListableBeanFactory     : Creating shared instance of singleton bean 'spring.mvc-org.springframework.boot.autoconfigure.web.servlet.WebMvcProperties'
2025-01-10T16:14:20.653-06:00 DEBUG 14620 --- [proyectoFinal] [           main] o.s.b.f.s.DefaultListableBeanFactory     : Creating shared instance of singleton bean 'spring.web-org.springframework.boot.autoconfigure.web.WebProperties'
2025-01-10T16:14:20.658-06:00 DEBUG 14620 --- [proyectoFinal] [           main] o.s.b.f.s.DefaultListableBeanFactory     : Autowiring by type from bean name 'org.springframework.boot.autoconfigure.web.servlet.WebMvcAutoConfiguration$EnableWebMvcConfiguration' via constructor to bean named 'spring.mvc-org.springframework.boot.autoconfigure.web.servlet.WebMvcProperties'
2025-01-10T16:14:20.658-06:00 DEBUG 14620 --- [proyectoFinal] [           main] o.s.b.f.s.DefaultListableBeanFactory     : Autowiring by type from bean name 'org.springframework.boot.autoconfigure.web.servlet.WebMvcAutoConfiguration$EnableWebMvcConfiguration' via constructor to bean named 'spring.web-org.springframework.boot.autoconfigure.web.WebProperties'
2025-01-10T16:14:20.658-06:00 DEBUG 14620 --- [proyectoFinal] [           main] o.s.b.f.s.DefaultListableBeanFactory     : Autowiring by type from bean name 'org.springframework.boot.autoconfigure.web.servlet.WebMvcAutoConfiguration$EnableWebMvcConfiguration' via constructor to bean named 'org.springframework.beans.factory.support.DefaultListableBeanFactory@6999cd39'
2025-01-10T16:14:20.665-06:00 DEBUG 14620 --- [proyectoFinal] [           main] o.s.b.f.s.DefaultListableBeanFactory     : Creating shared instance of singleton bean 'org.springframework.security.config.annotation.web.configuration.WebMvcSecurityConfiguration'
2025-01-10T16:14:20.667-06:00 DEBUG 14620 --- [proyectoFinal] [           main] o.s.b.f.s.DefaultListableBeanFactory     : Creating shared instance of singleton bean 'org.springframework.boot.autoconfigure.web.servlet.WebMvcAutoConfiguration$WebMvcAutoConfigurationAdapter'
2025-01-10T16:14:20.667-06:00 DEBUG 14620 --- [proyectoFinal] [           main] o.s.b.f.s.DefaultListableBeanFactory     : Autowiring by type from bean name 'org.springframework.boot.autoconfigure.web.servlet.WebMvcAutoConfiguration$WebMvcAutoConfigurationAdapter' via constructor to bean named 'spring.web-org.springframework.boot.autoconfigure.web.WebProperties'
2025-01-10T16:14:20.667-06:00 DEBUG 14620 --- [proyectoFinal] [           main] o.s.b.f.s.DefaultListableBeanFactory     : Autowiring by type from bean name 'org.springframework.boot.autoconfigure.web.servlet.WebMvcAutoConfiguration$WebMvcAutoConfigurationAdapter' via constructor to bean named 'spring.mvc-org.springframework.boot.autoconfigure.web.servlet.WebMvcProperties'
2025-01-10T16:14:20.667-06:00 DEBUG 14620 --- [proyectoFinal] [           main] o.s.b.f.s.DefaultListableBeanFactory     : Autowiring by type from bean name 'org.springframework.boot.autoconfigure.web.servlet.WebMvcAutoConfiguration$WebMvcAutoConfigurationAdapter' via constructor to bean named 'org.springframework.beans.factory.support.DefaultListableBeanFactory@6999cd39'
2025-01-10T16:14:20.670-06:00 DEBUG 14620 --- [proyectoFinal] [           main] o.s.b.f.s.DefaultListableBeanFactory     : Creating shared instance of singleton bean 'swaggerWebMvcConfigurer'
2025-01-10T16:14:20.670-06:00 DEBUG 14620 --- [proyectoFinal] [           main] o.s.b.f.s.DefaultListableBeanFactory     : Creating shared instance of singleton bean 'org.springdoc.webmvc.ui.SwaggerConfig'
2025-01-10T16:14:20.672-06:00 DEBUG 14620 --- [proyectoFinal] [           main] o.s.b.f.s.DefaultListableBeanFactory     : Creating shared instance of singleton bean 'org.springdoc.core.properties.SwaggerUiConfigParameters'
2025-01-10T16:14:20.672-06:00 DEBUG 14620 --- [proyectoFinal] [           main] o.s.b.f.s.DefaultListableBeanFactory     : Creating shared instance of singleton bean 'org.springdoc.core.properties.SwaggerUiConfigProperties'
2025-01-10T16:14:20.680-06:00 DEBUG 14620 --- [proyectoFinal] [           main] o.s.b.f.s.DefaultListableBeanFactory     : Autowiring by type from bean name 'org.springdoc.core.properties.SwaggerUiConfigParameters' via constructor to bean named 'org.springdoc.core.properties.SwaggerUiConfigProperties'
2025-01-10T16:14:20.686-06:00 DEBUG 14620 --- [proyectoFinal] [           main] o.s.b.f.s.DefaultListableBeanFactory     : Creating shared instance of singleton bean 'indexPageTransformer'
2025-01-10T16:14:20.687-06:00 DEBUG 14620 --- [proyectoFinal] [           main] o.s.b.f.s.DefaultListableBeanFactory     : Creating shared instance of singleton bean 'org.springdoc.core.properties.SwaggerUiOAuthProperties'
2025-01-10T16:14:20.690-06:00 DEBUG 14620 --- [proyectoFinal] [           main] o.s.b.f.s.DefaultListableBeanFactory     : Creating shared instance of singleton bean 'swaggerWelcome'
2025-01-10T16:14:20.690-06:00 DEBUG 14620 --- [proyectoFinal] [           main] o.s.b.f.s.DefaultListableBeanFactory     : Creating shared instance of singleton bean 'org.springdoc.core.properties.SpringDocConfigProperties'
2025-01-10T16:14:20.705-06:00 DEBUG 14620 --- [proyectoFinal] [           main] o.s.b.f.s.DefaultListableBeanFactory     : Creating shared instance of singleton bean 'springWebProvider'
2025-01-10T16:14:20.705-06:00 DEBUG 14620 --- [proyectoFinal] [           main] o.s.b.f.s.DefaultListableBeanFactory     : Creating shared instance of singleton bean 'org.springdoc.webmvc.core.configuration.SpringDocWebMvcConfiguration'
2025-01-10T16:14:20.713-06:00 DEBUG 14620 --- [proyectoFinal] [           main] o.s.b.f.s.DefaultListableBeanFactory     : Autowiring by type from bean name 'swaggerWelcome' via factory method to bean named 'org.springdoc.core.properties.SwaggerUiConfigProperties'
2025-01-10T16:14:20.713-06:00 DEBUG 14620 --- [proyectoFinal] [           main] o.s.b.f.s.DefaultListableBeanFactory     : Autowiring by type from bean name 'swaggerWelcome' via factory method to bean named 'org.springdoc.core.properties.SpringDocConfigProperties'
2025-01-10T16:14:20.713-06:00 DEBUG 14620 --- [proyectoFinal] [           main] o.s.b.f.s.DefaultListableBeanFactory     : Autowiring by type from bean name 'swaggerWelcome' via factory method to bean named 'org.springdoc.core.properties.SwaggerUiConfigParameters'
2025-01-10T16:14:20.713-06:00 DEBUG 14620 --- [proyectoFinal] [           main] o.s.b.f.s.DefaultListableBeanFactory     : Autowiring by type from bean name 'swaggerWelcome' via factory method to bean named 'springWebProvider'
2025-01-10T16:14:20.735-06:00 DEBUG 14620 --- [proyectoFinal] [           main] o.s.b.f.s.DefaultListableBeanFactory     : Creating shared instance of singleton bean 'springdocObjectMapperProvider'
2025-01-10T16:14:20.735-06:00 DEBUG 14620 --- [proyectoFinal] [           main] o.s.b.f.s.DefaultListableBeanFactory     : Creating shared instance of singleton bean 'org.springdoc.core.configuration.SpringDocConfiguration'
2025-01-10T16:14:20.738-06:00 DEBUG 14620 --- [proyectoFinal] [           main] o.s.b.f.s.DefaultListableBeanFactory     : Autowiring by type from bean name 'springdocObjectMapperProvider' via factory method to bean named 'org.springdoc.core.properties.SpringDocConfigProperties'
2025-01-10T16:14:20.759-06:00 DEBUG 14620 --- [proyectoFinal] [           main] o.s.b.f.s.DefaultListableBeanFactory     : Autowiring by type from bean name 'indexPageTransformer' via factory method to bean named 'org.springdoc.core.properties.SwaggerUiConfigProperties'
2025-01-10T16:14:20.760-06:00 DEBUG 14620 --- [proyectoFinal] [           main] o.s.b.f.s.DefaultListableBeanFactory     : Autowiring by type from bean name 'indexPageTransformer' via factory method to bean named 'org.springdoc.core.properties.SwaggerUiOAuthProperties'
2025-01-10T16:14:20.760-06:00 DEBUG 14620 --- [proyectoFinal] [           main] o.s.b.f.s.DefaultListableBeanFactory     : Autowiring by type from bean name 'indexPageTransformer' via factory method to bean named 'org.springdoc.core.properties.SwaggerUiConfigParameters'
2025-01-10T16:14:20.760-06:00 DEBUG 14620 --- [proyectoFinal] [           main] o.s.b.f.s.DefaultListableBeanFactory     : Autowiring by type from bean name 'indexPageTransformer' via factory method to bean named 'swaggerWelcome'
2025-01-10T16:14:20.760-06:00 DEBUG 14620 --- [proyectoFinal] [           main] o.s.b.f.s.DefaultListableBeanFactory     : Autowiring by type from bean name 'indexPageTransformer' via factory method to bean named 'springdocObjectMapperProvider'
2025-01-10T16:14:20.765-06:00 DEBUG 14620 --- [proyectoFinal] [           main] o.s.b.f.s.DefaultListableBeanFactory     : Creating shared instance of singleton bean 'swaggerResourceResolver'
2025-01-10T16:14:20.765-06:00 DEBUG 14620 --- [proyectoFinal] [           main] o.s.b.f.s.DefaultListableBeanFactory     : Autowiring by type from bean name 'swaggerResourceResolver' via factory method to bean named 'org.springdoc.core.properties.SwaggerUiConfigProperties'
2025-01-10T16:14:20.767-06:00 DEBUG 14620 --- [proyectoFinal] [           main] o.s.b.f.s.DefaultListableBeanFactory     : Autowiring by type from bean name 'swaggerWebMvcConfigurer' via factory method to bean named 'org.springdoc.core.properties.SwaggerUiConfigParameters'
2025-01-10T16:14:20.767-06:00 DEBUG 14620 --- [proyectoFinal] [           main] o.s.b.f.s.DefaultListableBeanFactory     : Autowiring by type from bean name 'swaggerWebMvcConfigurer' via factory method to bean named 'indexPageTransformer'
2025-01-10T16:14:20.767-06:00 DEBUG 14620 --- [proyectoFinal] [           main] o.s.b.f.s.DefaultListableBeanFactory     : Autowiring by type from bean name 'swaggerWebMvcConfigurer' via factory method to bean named 'swaggerResourceResolver'
2025-01-10T16:14:20.770-06:00 DEBUG 14620 --- [proyectoFinal] [           main] o.s.b.f.s.DefaultListableBeanFactory     : Creating shared instance of singleton bean 'openEntityManagerInViewInterceptorConfigurer'
2025-01-10T16:14:20.770-06:00 DEBUG 14620 --- [proyectoFinal] [           main] o.s.b.f.s.DefaultListableBeanFactory     : Creating shared instance of singleton bean 'org.springframework.boot.autoconfigure.orm.jpa.JpaBaseConfiguration$JpaWebConfiguration'
2025-01-10T16:14:20.771-06:00 DEBUG 14620 --- [proyectoFinal] [           main] o.s.b.f.s.DefaultListableBeanFactory     : Autowiring by type from bean name 'org.springframework.boot.autoconfigure.orm.jpa.JpaBaseConfiguration$JpaWebConfiguration' via constructor to bean named 'spring.jpa-org.springframework.boot.autoconfigure.orm.jpa.JpaProperties'
2025-01-10T16:14:20.773-06:00 DEBUG 14620 --- [proyectoFinal] [           main] o.s.b.f.s.DefaultListableBeanFactory     : Creating shared instance of singleton bean 'openEntityManagerInViewInterceptor'
2025-01-10T16:14:20.773-06:00  WARN 14620 --- [proyectoFinal] [           main] JpaBaseConfiguration$JpaWebConfiguration : spring.jpa.open-in-view is enabled by default. Therefore, database queries may be performed during view rendering. Explicitly configure spring.jpa.open-in-view to disable this warning
2025-01-10T16:14:20.778-06:00 DEBUG 14620 --- [proyectoFinal] [           main] o.s.b.f.s.DefaultListableBeanFactory     : Autowiring by type from bean name 'openEntityManagerInViewInterceptorConfigurer' via factory method to bean named 'openEntityManagerInViewInterceptor'
2025-01-10T16:14:20.781-06:00 DEBUG 14620 --- [proyectoFinal] [           main] o.s.b.f.s.DefaultListableBeanFactory     : Creating shared instance of singleton bean 'org.springframework.data.web.config.HateoasAwareSpringDataWebConfiguration'
2025-01-10T16:14:20.781-06:00 DEBUG 14620 --- [proyectoFinal] [           main] o.s.b.f.s.DefaultListableBeanFactory     : Autowiring by type from bean name 'org.springframework.data.web.config.HateoasAwareSpringDataWebConfiguration' via constructor to bean named 'org.springframework.web.context.support.GenericWebApplicationContext@5987e932'
2025-01-10T16:14:20.786-06:00 DEBUG 14620 --- [proyectoFinal] [           main] o.s.b.f.s.DefaultListableBeanFactory     : Creating shared instance of singleton bean 'hypermediaWebMvcConfigurer'
2025-01-10T16:14:20.786-06:00 DEBUG 14620 --- [proyectoFinal] [           main] o.s.b.f.s.DefaultListableBeanFactory     : Creating shared instance of singleton bean 'org.springframework.hateoas.config.WebMvcHateoasConfiguration'
2025-01-10T16:14:20.787-06:00 DEBUG 14620 --- [proyectoFinal] [           main] o.s.b.f.s.DefaultListableBeanFactory     : Creating shared instance of singleton bean 'hypermediaWebMvcConverters'
2025-01-10T16:14:20.787-06:00 DEBUG 14620 --- [proyectoFinal] [           main] o.s.b.f.s.DefaultListableBeanFactory     : Creating shared instance of singleton bean 'org.springframework.hateoas.config.HateoasConfiguration'
2025-01-10T16:14:20.788-06:00 DEBUG 14620 --- [proyectoFinal] [           main] o.s.b.f.s.DefaultListableBeanFactory     : Creating shared instance of singleton bean 'org.springframework.hateoas.mediatype.hal.HalMediaTypeConfiguration'
2025-01-10T16:14:20.789-06:00 DEBUG 14620 --- [proyectoFinal] [           main] o.s.b.f.s.DefaultListableBeanFactory     : Creating shared instance of singleton bean '_relProvider'
2025-01-10T16:14:20.789-06:00 DEBUG 14620 --- [proyectoFinal] [           main] o.s.b.f.s.DefaultListableBeanFactory     : Creating shared instance of singleton bean 'relProviderPluginRegistry'
2025-01-10T16:14:20.790-06:00 DEBUG 14620 --- [proyectoFinal] [           main] o.s.b.f.s.DefaultListableBeanFactory     : Autowiring by type from bean name 'relProviderPluginRegistry' via factory method to bean named 'org.springframework.web.context.support.GenericWebApplicationContext@5987e932'
2025-01-10T16:14:20.794-06:00 DEBUG 14620 --- [proyectoFinal] [           main] o.s.b.f.s.DefaultListableBeanFactory     : Autowiring by type from bean name '_relProvider' via factory method to bean named 'relProviderPluginRegistry'
2025-01-10T16:14:20.797-06:00 DEBUG 14620 --- [proyectoFinal] [           main] o.s.b.f.s.DefaultListableBeanFactory     : Creating shared instance of singleton bean 'messageResolver'
2025-01-10T16:14:20.803-06:00 DEBUG 14620 --- [proyectoFinal] [           main] o.s.b.f.s.DefaultListableBeanFactory     : Autowiring by type from bean name 'org.springframework.hateoas.mediatype.hal.HalMediaTypeConfiguration' via constructor to bean named '_relProvider'
2025-01-10T16:14:20.803-06:00 DEBUG 14620 --- [proyectoFinal] [           main] o.s.b.f.s.DefaultListableBeanFactory     : Autowiring by type from bean name 'org.springframework.hateoas.mediatype.hal.HalMediaTypeConfiguration' via constructor to bean named 'messageResolver'
2025-01-10T16:14:20.803-06:00 DEBUG 14620 --- [proyectoFinal] [           main] o.s.b.f.s.DefaultListableBeanFactory     : Autowiring by type from bean name 'org.springframework.hateoas.mediatype.hal.HalMediaTypeConfiguration' via constructor to bean named 'org.springframework.beans.factory.support.DefaultListableBeanFactory@6999cd39'
2025-01-10T16:14:20.805-06:00 DEBUG 14620 --- [proyectoFinal] [           main] o.s.b.f.s.DefaultListableBeanFactory     : Autowiring by type from bean name 'hypermediaWebMvcConverters' via factory method to bean named 'org.springframework.hateoas.mediatype.hal.HalMediaTypeConfiguration'
2025-01-10T16:14:20.807-06:00 DEBUG 14620 --- [proyectoFinal] [           main] o.s.b.f.s.DefaultListableBeanFactory     : Creating shared instance of singleton bean 'jacksonObjectMapper'
2025-01-10T16:14:20.807-06:00 DEBUG 14620 --- [proyectoFinal] [           main] o.s.b.f.s.DefaultListableBeanFactory     : Creating shared instance of singleton bean 'org.springframework.boot.autoconfigure.jackson.JacksonAutoConfiguration$JacksonObjectMapperConfiguration'
2025-01-10T16:14:20.809-06:00 DEBUG 14620 --- [proyectoFinal] [           main] o.s.b.f.s.DefaultListableBeanFactory     : Creating shared instance of singleton bean 'org.springframework.boot.autoconfigure.jackson.JacksonAutoConfiguration$JacksonObjectMapperBuilderConfiguration'
2025-01-10T16:14:20.811-06:00 DEBUG 14620 --- [proyectoFinal] [           main] o.s.b.f.s.DefaultListableBeanFactory     : Creating shared instance of singleton bean 'standardJacksonObjectMapperBuilderCustomizer'
2025-01-10T16:14:20.811-06:00 DEBUG 14620 --- [proyectoFinal] [           main] o.s.b.f.s.DefaultListableBeanFactory     : Creating shared instance of singleton bean 'org.springframework.boot.autoconfigure.jackson.JacksonAutoConfiguration$Jackson2ObjectMapperBuilderCustomizerConfiguration'
2025-01-10T16:14:20.811-06:00 DEBUG 14620 --- [proyectoFinal] [           main] o.s.b.f.s.DefaultListableBeanFactory     : Creating shared instance of singleton bean 'spring.jackson-org.springframework.boot.autoconfigure.jackson.JacksonProperties'
2025-01-10T16:14:20.815-06:00 DEBUG 14620 --- [proyectoFinal] [           main] o.s.b.f.s.DefaultListableBeanFactory     : Autowiring by type from bean name 'standardJacksonObjectMapperBuilderCustomizer' via factory method to bean named 'spring.jackson-org.springframework.boot.autoconfigure.jackson.JacksonProperties'
2025-01-10T16:14:20.816-06:00 DEBUG 14620 --- [proyectoFinal] [           main] o.s.b.f.s.DefaultListableBeanFactory     : Creating shared instance of singleton bean 'parameterNamesModule'
2025-01-10T16:14:20.816-06:00 DEBUG 14620 --- [proyectoFinal] [           main] o.s.b.f.s.DefaultListableBeanFactory     : Creating shared instance of singleton bean 'org.springframework.boot.autoconfigure.jackson.JacksonAutoConfiguration$ParameterNamesModuleConfiguration'
2025-01-10T16:14:20.819-06:00 DEBUG 14620 --- [proyectoFinal] [           main] o.s.b.f.s.DefaultListableBeanFactory     : Creating shared instance of singleton bean 'jsonMixinModule'
2025-01-10T16:14:20.819-06:00 DEBUG 14620 --- [proyectoFinal] [           main] o.s.b.f.s.DefaultListableBeanFactory     : Creating shared instance of singleton bean 'org.springframework.boot.autoconfigure.jackson.JacksonAutoConfiguration$JacksonMixinConfiguration'
2025-01-10T16:14:20.820-06:00 DEBUG 14620 --- [proyectoFinal] [           main] o.s.b.f.s.DefaultListableBeanFactory     : Creating shared instance of singleton bean 'jsonMixinModuleEntries'
2025-01-10T16:14:20.820-06:00 DEBUG 14620 --- [proyectoFinal] [           main] o.s.b.f.s.DefaultListableBeanFactory     : Autowiring by type from bean name 'jsonMixinModuleEntries' via factory method to bean named 'org.springframework.web.context.support.GenericWebApplicationContext@5987e932'
2025-01-10T16:14:20.825-06:00 DEBUG 14620 --- [proyectoFinal] [           main] o.s.b.f.s.DefaultListableBeanFactory     : Autowiring by type from bean name 'jsonMixinModule' via factory method to bean named 'org.springframework.web.context.support.GenericWebApplicationContext@5987e932'
2025-01-10T16:14:20.825-06:00 DEBUG 14620 --- [proyectoFinal] [           main] o.s.b.f.s.DefaultListableBeanFactory     : Autowiring by type from bean name 'jsonMixinModule' via factory method to bean named 'jsonMixinModuleEntries'
2025-01-10T16:14:20.827-06:00 DEBUG 14620 --- [proyectoFinal] [           main] o.s.b.f.s.DefaultListableBeanFactory     : Creating shared instance of singleton bean 'jsonComponentModule'
2025-01-10T16:14:20.827-06:00 DEBUG 14620 --- [proyectoFinal] [           main] o.s.b.f.s.DefaultListableBeanFactory     : Creating shared instance of singleton bean 'org.springframework.boot.autoconfigure.jackson.JacksonAutoConfiguration'
2025-01-10T16:14:20.831-06:00 DEBUG 14620 --- [proyectoFinal] [           main] o.s.b.f.s.DefaultListableBeanFactory     : Creating shared instance of singleton bean 'jacksonGeoModule'
2025-01-10T16:14:20.831-06:00 DEBUG 14620 --- [proyectoFinal] [           main] o.s.b.f.s.DefaultListableBeanFactory     : Creating shared instance of singleton bean 'org.springframework.data.web.config.SpringDataJacksonConfiguration'
2025-01-10T16:14:20.831-06:00 DEBUG 14620 --- [proyectoFinal] [           main] o.s.b.f.s.DefaultListableBeanFactory     : Creating shared instance of singleton bean 'springDataWebSettings'
2025-01-10T16:14:20.831-06:00 DEBUG 14620 --- [proyectoFinal] [           main] o.s.b.f.s.DefaultListableBeanFactory     : Creating shared instance of singleton bean 'org.springframework.boot.autoconfigure.data.web.SpringDataWebAutoConfiguration'
2025-01-10T16:14:20.833-06:00 DEBUG 14620 --- [proyectoFinal] [           main] o.s.b.f.s.DefaultListableBeanFactory     : Creating shared instance of singleton bean 'spring.data.web-org.springframework.boot.autoconfigure.data.web.SpringDataWebProperties'
2025-01-10T16:14:20.833-06:00 DEBUG 14620 --- [proyectoFinal] [           main] o.s.b.f.s.DefaultListableBeanFactory     : Autowiring by type from bean name 'org.springframework.boot.autoconfigure.data.web.SpringDataWebAutoConfiguration' via constructor to bean named 'spring.data.web-org.springframework.boot.autoconfigure.data.web.SpringDataWebProperties'
2025-01-10T16:14:20.839-06:00 DEBUG 14620 --- [proyectoFinal] [           main] o.s.b.f.s.DefaultListableBeanFactory     : Creating shared instance of singleton bean 'pageModule'
2025-01-10T16:14:20.844-06:00 DEBUG 14620 --- [proyectoFinal] [           main] o.s.b.f.s.DefaultListableBeanFactory     : Autowiring by type from bean name 'jacksonObjectMapperBuilder' via factory method to bean named 'org.springframework.web.context.support.GenericWebApplicationContext@5987e932'
2025-01-10T16:14:20.844-06:00 DEBUG 14620 --- [proyectoFinal] [           main] o.s.b.f.s.DefaultListableBeanFactory     : Autowiring by type from bean name 'jacksonObjectMapperBuilder' via factory method to bean named 'standardJacksonObjectMapperBuilderCustomizer'
2025-01-10T16:14:20.847-06:00 DEBUG 14620 --- [proyectoFinal] [           main] o.s.b.f.s.DefaultListableBeanFactory     : Autowiring by type from bean name 'jacksonObjectMapper' via factory method to bean named 'jacksonObjectMapperBuilder'
2025-01-10T16:14:20.860-06:00 DEBUG 14620 --- [proyectoFinal] [           main] o.s.b.f.s.DefaultListableBeanFactory     : Autowiring by type from bean name 'hypermediaWebMvcConfigurer' via factory method to bean named 'hypermediaWebMvcConverters'
2025-01-10T16:14:20.872-06:00 DEBUG 14620 --- [proyectoFinal] [           main] o.s.b.f.s.DefaultListableBeanFactory     : Creating shared instance of singleton bean 'authenticationProvider'
2025-01-10T16:14:20.892-06:00 DEBUG 14620 --- [proyectoFinal] [           main] o.s.b.f.s.DefaultListableBeanFactory     : Creating shared instance of singleton bean 'passwordEncoder'
2025-01-10T16:14:20.893-06:00 DEBUG 14620 --- [proyectoFinal] [           main] o.s.b.f.s.DefaultListableBeanFactory     : Creating shared instance of singleton bean 'userDetailsService'
2025-01-10T16:14:20.899-06:00  INFO 14620 --- [proyectoFinal] [           main] eAuthenticationProviderManagerConfigurer : Global AuthenticationManager configured with AuthenticationProvider bean with name authenticationProvider
2025-01-10T16:14:20.900-06:00  WARN 14620 --- [proyectoFinal] [           main] r$InitializeUserDetailsManagerConfigurer : Global AuthenticationManager configured with an AuthenticationProvider bean. UserDetailsService beans will not be used by Spring Security for automatically configuring username/password login. Consider removing the AuthenticationProvider bean. Alternatively, consider using the UserDetailsService in a manually instantiated DaoAuthenticationProvider. If the current configuration is intentional, to turn off this warning, increase the logging level of 'org.springframework.security.config.annotation.authentication.configuration.InitializeUserDetailsBeanManagerConfigurer' to ERROR
2025-01-10T16:14:20.957-06:00 DEBUG 14620 --- [proyectoFinal] [           main] o.s.b.f.s.DefaultListableBeanFactory     : Creating shared instance of singleton bean 'filterChainDecoratorPostProcessor'
2025-01-10T16:14:20.959-06:00 DEBUG 14620 --- [proyectoFinal] [           main] o.s.b.f.s.DefaultListableBeanFactory     : Creating shared instance of singleton bean 'mvcHandlerMappingIntrospectorRequestTransformer'
2025-01-10T16:14:20.959-06:00 DEBUG 14620 --- [proyectoFinal] [           main] o.s.b.f.s.DefaultListableBeanFactory     : Creating shared instance of singleton bean 'mvcHandlerMappingIntrospector'
2025-01-10T16:14:20.963-06:00 DEBUG 14620 --- [proyectoFinal] [           main] o.s.b.f.s.DefaultListableBeanFactory     : Creating shared instance of singleton bean 'welcomePageHandlerMapping'
2025-01-10T16:14:20.963-06:00 DEBUG 14620 --- [proyectoFinal] [           main] o.s.b.f.s.DefaultListableBeanFactory     : Creating shared instance of singleton bean 'mvcConversionService'
2025-01-10T16:14:20.971-06:00 DEBUG 14620 --- [proyectoFinal] [           main] o.s.b.f.s.DefaultListableBeanFactory     : Creating shared instance of singleton bean 'mvcResourceUrlProvider'
2025-01-10T16:14:20.973-06:00 DEBUG 14620 --- [proyectoFinal] [           main] o.s.b.f.s.DefaultListableBeanFactory     : Autowiring by type from bean name 'welcomePageHandlerMapping' via factory method to bean named 'org.springframework.web.context.support.GenericWebApplicationContext@5987e932'
2025-01-10T16:14:20.974-06:00 DEBUG 14620 --- [proyectoFinal] [           main] o.s.b.f.s.DefaultListableBeanFactory     : Autowiring by type from bean name 'welcomePageHandlerMapping' via factory method to bean named 'mvcConversionService'
2025-01-10T16:14:20.974-06:00 DEBUG 14620 --- [proyectoFinal] [           main] o.s.b.f.s.DefaultListableBeanFactory     : Autowiring by type from bean name 'welcomePageHandlerMapping' via factory method to bean named 'mvcResourceUrlProvider'
2025-01-10T16:14:20.995-06:00 DEBUG 14620 --- [proyectoFinal] [           main] o.s.b.f.s.DefaultListableBeanFactory     : Creating shared instance of singleton bean 'welcomePageNotAcceptableHandlerMapping'
2025-01-10T16:14:20.996-06:00 DEBUG 14620 --- [proyectoFinal] [           main] o.s.b.f.s.DefaultListableBeanFactory     : Autowiring by type from bean name 'welcomePageNotAcceptableHandlerMapping' via factory method to bean named 'org.springframework.web.context.support.GenericWebApplicationContext@5987e932'
2025-01-10T16:14:20.996-06:00 DEBUG 14620 --- [proyectoFinal] [           main] o.s.b.f.s.DefaultListableBeanFactory     : Autowiring by type from bean name 'welcomePageNotAcceptableHandlerMapping' via factory method to bean named 'mvcConversionService'
2025-01-10T16:14:20.996-06:00 DEBUG 14620 --- [proyectoFinal] [           main] o.s.b.f.s.DefaultListableBeanFactory     : Autowiring by type from bean name 'welcomePageNotAcceptableHandlerMapping' via factory method to bean named 'mvcResourceUrlProvider'
2025-01-10T16:14:21.003-06:00 DEBUG 14620 --- [proyectoFinal] [           main] o.s.b.f.s.DefaultListableBeanFactory     : Creating shared instance of singleton bean 'requestMappingHandlerMapping'
2025-01-10T16:14:21.003-06:00 DEBUG 14620 --- [proyectoFinal] [           main] o.s.b.f.s.DefaultListableBeanFactory     : Autowiring by type from bean name 'requestMappingHandlerMapping' via factory method to bean named 'mvcContentNegotiationManager'
2025-01-10T16:14:21.003-06:00 DEBUG 14620 --- [proyectoFinal] [           main] o.s.b.f.s.DefaultListableBeanFactory     : Autowiring by type from bean name 'requestMappingHandlerMapping' via factory method to bean named 'mvcConversionService'
2025-01-10T16:14:21.003-06:00 DEBUG 14620 --- [proyectoFinal] [           main] o.s.b.f.s.DefaultListableBeanFactory     : Autowiring by type from bean name 'requestMappingHandlerMapping' via factory method to bean named 'mvcResourceUrlProvider'
2025-01-10T16:14:21.066-06:00 DEBUG 14620 --- [proyectoFinal] [           main] s.w.s.m.m.a.RequestMappingHandlerMapping : 11 mappings in 'requestMappingHandlerMapping'
2025-01-10T16:14:21.074-06:00 DEBUG 14620 --- [proyectoFinal] [           main] o.s.b.f.s.DefaultListableBeanFactory     : Creating shared instance of singleton bean 'viewControllerHandlerMapping'
2025-01-10T16:14:21.076-06:00 DEBUG 14620 --- [proyectoFinal] [           main] o.s.b.f.s.DefaultListableBeanFactory     : Autowiring by type from bean name 'viewControllerHandlerMapping' via factory method to bean named 'mvcConversionService'
2025-01-10T16:14:21.077-06:00 DEBUG 14620 --- [proyectoFinal] [           main] o.s.b.f.s.DefaultListableBeanFactory     : Autowiring by type from bean name 'viewControllerHandlerMapping' via factory method to bean named 'mvcResourceUrlProvider'
2025-01-10T16:14:21.078-06:00 DEBUG 14620 --- [proyectoFinal] [           main] o.s.b.f.s.DefaultListableBeanFactory     : Creating shared instance of singleton bean 'beanNameHandlerMapping'
2025-01-10T16:14:21.078-06:00 DEBUG 14620 --- [proyectoFinal] [           main] o.s.b.f.s.DefaultListableBeanFactory     : Autowiring by type from bean name 'beanNameHandlerMapping' via factory method to bean named 'mvcConversionService'
2025-01-10T16:14:21.078-06:00 DEBUG 14620 --- [proyectoFinal] [           main] o.s.b.f.s.DefaultListableBeanFactory     : Autowiring by type from bean name 'beanNameHandlerMapping' via factory method to bean named 'mvcResourceUrlProvider'
2025-01-10T16:14:21.084-06:00 DEBUG 14620 --- [proyectoFinal] [           main] o.s.b.f.s.DefaultListableBeanFactory     : Creating shared instance of singleton bean 'routerFunctionMapping'
2025-01-10T16:14:21.085-06:00 DEBUG 14620 --- [proyectoFinal] [           main] o.s.b.f.s.DefaultListableBeanFactory     : Autowiring by type from bean name 'routerFunctionMapping' via factory method to bean named 'mvcConversionService'
2025-01-10T16:14:21.085-06:00 DEBUG 14620 --- [proyectoFinal] [           main] o.s.b.f.s.DefaultListableBeanFactory     : Autowiring by type from bean name 'routerFunctionMapping' via factory method to bean named 'mvcResourceUrlProvider'
2025-01-10T16:14:21.086-06:00 DEBUG 14620 --- [proyectoFinal] [           main] o.s.b.f.s.DefaultListableBeanFactory     : Creating shared instance of singleton bean 'messageConverters'
2025-01-10T16:14:21.086-06:00 DEBUG 14620 --- [proyectoFinal] [           main] o.s.b.f.s.DefaultListableBeanFactory     : Creating shared instance of singleton bean 'org.springframework.boot.autoconfigure.http.HttpMessageConvertersAutoConfiguration'
2025-01-10T16:14:21.089-06:00 DEBUG 14620 --- [proyectoFinal] [           main] o.s.b.f.s.DefaultListableBeanFactory     : Creating shared instance of singleton bean 'stringHttpMessageConverter'
2025-01-10T16:14:21.090-06:00 DEBUG 14620 --- [proyectoFinal] [           main] o.s.b.f.s.DefaultListableBeanFactory     : Creating shared instance of singleton bean 'org.springframework.boot.autoconfigure.http.HttpMessageConvertersAutoConfiguration$StringHttpMessageConverterConfiguration'
2025-01-10T16:14:21.090-06:00 DEBUG 14620 --- [proyectoFinal] [           main] o.s.b.f.s.DefaultListableBeanFactory     : Autowiring by type from bean name 'stringHttpMessageConverter' via factory method to bean named 'environment'
2025-01-10T16:14:21.094-06:00 DEBUG 14620 --- [proyectoFinal] [           main] o.s.b.f.s.DefaultListableBeanFactory     : Creating shared instance of singleton bean 'mappingJackson2HttpMessageConverter'
2025-01-10T16:14:21.095-06:00 DEBUG 14620 --- [proyectoFinal] [           main] o.s.b.f.s.DefaultListableBeanFactory     : Creating shared instance of singleton bean 'org.springframework.boot.autoconfigure.http.JacksonHttpMessageConvertersConfiguration$MappingJackson2HttpMessageConverterConfiguration'
2025-01-10T16:14:21.096-06:00 DEBUG 14620 --- [proyectoFinal] [           main] o.s.b.f.s.DefaultListableBeanFactory     : Autowiring by type from bean name 'mappingJackson2HttpMessageConverter' via factory method to bean named 'jacksonObjectMapper'
2025-01-10T16:14:21.137-06:00 DEBUG 14620 --- [proyectoFinal] [           main] o.s.b.f.s.DefaultListableBeanFactory     : Creating shared instance of singleton bean 'applicationJsonHalConfiguration'
2025-01-10T16:14:21.137-06:00 DEBUG 14620 --- [proyectoFinal] [           main] o.s.b.f.s.DefaultListableBeanFactory     : Creating shared instance of singleton bean 'org.springframework.boot.autoconfigure.hateoas.HypermediaAutoConfiguration'
2025-01-10T16:14:21.151-06:00 DEBUG 14620 --- [proyectoFinal] [           main] o.s.b.f.s.DefaultListableBeanFactory     : Creating shared instance of singleton bean 'resourceHandlerMapping'
2025-01-10T16:14:21.153-06:00 DEBUG 14620 --- [proyectoFinal] [           main] o.s.b.f.s.DefaultListableBeanFactory     : Autowiring by type from bean name 'resourceHandlerMapping' via factory method to bean named 'mvcContentNegotiationManager'
2025-01-10T16:14:21.153-06:00 DEBUG 14620 --- [proyectoFinal] [           main] o.s.b.f.s.DefaultListableBeanFactory     : Autowiring by type from bean name 'resourceHandlerMapping' via factory method to bean named 'mvcConversionService'
2025-01-10T16:14:21.153-06:00 DEBUG 14620 --- [proyectoFinal] [           main] o.s.b.f.s.DefaultListableBeanFactory     : Autowiring by type from bean name 'resourceHandlerMapping' via factory method to bean named 'mvcResourceUrlProvider'
2025-01-10T16:14:21.167-06:00 DEBUG 14620 --- [proyectoFinal] [           main] o.s.w.s.handler.SimpleUrlHandlerMapping  : Patterns [/webjars/**, /**, /swagger-ui*/*swagger-initializer.js, /swagger-ui*/**] in 'resourceHandlerMapping'
2025-01-10T16:14:21.169-06:00 DEBUG 14620 --- [proyectoFinal] [           main] o.s.b.f.s.DefaultListableBeanFactory     : Creating shared instance of singleton bean 'defaultServletHandlerMapping'
2025-01-10T16:14:21.177-06:00 DEBUG 14620 --- [proyectoFinal] [           main] o.s.b.f.s.DefaultListableBeanFactory     : Creating shared instance of singleton bean 'securityFilterChain'
2025-01-10T16:14:21.178-06:00 DEBUG 14620 --- [proyectoFinal] [           main] o.s.b.f.s.DefaultListableBeanFactory     : Autowiring by type from bean name 'securityFilterChain' via factory method to bean named 'org.springframework.security.config.annotation.web.configuration.HttpSecurityConfiguration.httpSecurity'
2025-01-10T16:14:21.179-06:00 DEBUG 14620 --- [proyectoFinal] [           main] o.s.b.f.s.DefaultListableBeanFactory     : Creating shared instance of singleton bean 'corsConfigurationSource'
2025-01-10T16:14:21.186-06:00 DEBUG 14620 --- [proyectoFinal] [           main] o.s.b.f.s.DefaultListableBeanFactory     : Creating shared instance of singleton bean 'webAuthorizationManagerPostProcessor'
2025-01-10T16:14:21.207-06:00 DEBUG 14620 --- [proyectoFinal] [           main] o.s.b.f.s.DefaultListableBeanFactory     : Creating shared instance of singleton bean 'authenticationManagerPostProcessor'
2025-01-10T16:14:21.230-06:00 DEBUG 14620 --- [proyectoFinal] [           main] o.s.s.web.DefaultSecurityFilterChain     : Will secure any request with filters: DisableEncodeUrlFilter, WebAsyncManagerIntegrationFilter, SecurityContextHolderFilter, HeaderWriterFilter, CorsFilter, LogoutFilter, BasicAuthenticationFilter, RequestCacheAwareFilter, SecurityContextHolderAwareRequestFilter, AnonymousAuthenticationFilter, SessionManagementFilter, ExceptionTranslationFilter, AuthorizationFilter
2025-01-10T16:14:21.233-06:00 DEBUG 14620 --- [proyectoFinal] [           main] o.s.b.f.s.DefaultListableBeanFactory     : Creating shared instance of singleton bean 'delegatingApplicationListener'
2025-01-10T16:14:21.234-06:00 DEBUG 14620 --- [proyectoFinal] [           main] o.s.b.f.s.DefaultListableBeanFactory     : Creating shared instance of singleton bean 'springSecurityFilterChain'
2025-01-10T16:14:21.246-06:00 DEBUG 14620 --- [proyectoFinal] [           main] o.s.b.f.s.DefaultListableBeanFactory     : Creating shared instance of singleton bean 'webSecurityExpressionHandler'
2025-01-10T16:14:21.247-06:00 DEBUG 14620 --- [proyectoFinal] [           main] o.s.b.f.s.DefaultListableBeanFactory     : Creating shared instance of singleton bean 'privilegeEvaluator'
2025-01-10T16:14:21.247-06:00 DEBUG 14620 --- [proyectoFinal] [           main] o.s.b.f.s.DefaultListableBeanFactory     : Creating shared instance of singleton bean 'requestDataValueProcessor'
2025-01-10T16:14:21.248-06:00 DEBUG 14620 --- [proyectoFinal] [           main] o.s.b.f.s.DefaultListableBeanFactory     : Creating shared instance of singleton bean 'org.springframework.security.config.annotation.web.configuration.ObservationConfiguration'
2025-01-10T16:14:21.248-06:00 DEBUG 14620 --- [proyectoFinal] [           main] o.s.b.f.s.DefaultListableBeanFactory     : Creating shared instance of singleton bean '_prePostMethodSecurityConfiguration'
2025-01-10T16:14:21.250-06:00 DEBUG 14620 --- [proyectoFinal] [           main] o.s.b.f.s.DefaultListableBeanFactory     : Creating shared instance of singleton bean 'methodAuthorizationManagerPostProcessor'
2025-01-10T16:14:21.251-06:00 DEBUG 14620 --- [proyectoFinal] [           main] o.s.b.f.s.DefaultListableBeanFactory     : Creating shared instance of singleton bean 'methodResultAuthorizationManagerPostProcessor'
2025-01-10T16:14:21.255-06:00 DEBUG 14620 --- [proyectoFinal] [           main] o.s.b.f.s.DefaultListableBeanFactory     : Creating shared instance of singleton bean 'prePostAuthorizeExpressionHintsRegistrar'
2025-01-10T16:14:21.257-06:00 DEBUG 14620 --- [proyectoFinal] [           main] o.s.b.f.s.DefaultListableBeanFactory     : Creating shared instance of singleton bean 'org.springframework.security.config.annotation.method.configuration.AuthorizationProxyConfiguration'
2025-01-10T16:14:21.257-06:00 DEBUG 14620 --- [proyectoFinal] [           main] o.s.b.f.s.DefaultListableBeanFactory     : Creating shared instance of singleton bean 'authorizeReturnObjectHintsRegistrar'
2025-01-10T16:14:21.258-06:00 DEBUG 14620 --- [proyectoFinal] [           main] o.s.b.f.s.DefaultListableBeanFactory     : Autowiring by type from bean name 'authorizeReturnObjectHintsRegistrar' via factory method to bean named 'authorizationProxyFactory'
2025-01-10T16:14:21.259-06:00 DEBUG 14620 --- [proyectoFinal] [           main] o.s.b.f.s.DefaultListableBeanFactory     : Creating shared instance of singleton bean 'org.springframework.security.config.annotation.method.configuration.MethodObservationConfiguration'
2025-01-10T16:14:21.260-06:00 DEBUG 14620 --- [proyectoFinal] [           main] o.s.b.f.s.DefaultListableBeanFactory     : Creating shared instance of singleton bean 'authenticationManager'
2025-01-10T16:14:21.260-06:00 DEBUG 14620 --- [proyectoFinal] [           main] o.s.b.f.s.DefaultListableBeanFactory     : Creating shared instance of singleton bean 'org.springframework.boot.autoconfigure.context.PropertyPlaceholderAutoConfiguration'
2025-01-10T16:14:21.261-06:00 DEBUG 14620 --- [proyectoFinal] [           main] o.s.b.f.s.DefaultListableBeanFactory     : Creating shared instance of singleton bean 'org.springframework.boot.autoconfigure.ssl.SslAutoConfiguration'
[...]

   SpringDocConfiguration#springdocBeanFactoryPostProcessor2:
      Did not match:
         - @ConditionalOnMissingClass found unwanted class 'org.springframework.boot.context.properties.bind.BindResult' (OnClassCondition)

   SpringDocConfiguration.SpringDocActuatorConfiguration:
      Did not match:
         - @ConditionalOnClass did not find required class 'org.springframework.boot.actuate.autoconfigure.endpoint.web.WebEndpointProperties' (OnClassCondition)

   SpringDocConfiguration.SpringDocRepositoryRestConfiguration:
      Did not match:
         - @ConditionalOnClass did not find required class 'org.springframework.data.rest.core.config.RepositoryRestConfiguration' (OnClassCondition)

   SpringDocConfiguration.SpringDocWebFluxSupportConfiguration:
      Did not match:
         - @ConditionalOnClass did not find required class 'reactor.core.publisher.Flux' (OnClassCondition)

   SpringDocDataRestConfiguration:
      Did not match:
         - @ConditionalOnClass did not find required class 'org.springframework.data.rest.core.config.RepositoryRestConfiguration' (OnClassCondition)

   SpringDocFunctionCatalogConfiguration:
      Did not match:
         - @ConditionalOnClass did not find required class 'org.springframework.cloud.function.web.function.FunctionEndpointInitializer' (OnClassCondition)

   SpringDocGroovyConfiguration:
      Did not match:
         - @ConditionalOnClass did not find required class 'groovy.lang.MetaClass' (OnClassCondition)

   SpringDocJacksonKotlinModuleConfiguration:
      Did not match:
         - @ConditionalOnClass did not find required class 'com.fasterxml.jackson.module.kotlin.KotlinModule' (OnClassCondition)

   SpringDocJavadocConfiguration:
      Did not match:
         - @ConditionalOnClass did not find required class 'com.github.therapi.runtimejavadoc.CommentFormatter' (OnClassCondition)

   SpringDocKotlinConfiguration:
      Did not match:
         - @ConditionalOnClass did not find required class 'kotlin.coroutines.Continuation' (OnClassCondition)

   SpringDocKotlinxConfiguration:
      Did not match:
         - @ConditionalOnClass did not find required class 'kotlinx.coroutines.flow.Flow' (OnClassCondition)

   SpringDocSecurityConfiguration.SpringDocSecurityOAuth2ClientConfiguration:
      Did not match:
         - @ConditionalOnClass did not find required class 'org.springframework.security.oauth2.client.annotation.RegisteredOAuth2AuthorizedClient' (OnClassCondition)

   SpringDocSecurityConfiguration.SpringDocSecurityOAuth2Configuration:
      Did not match:
         - @ConditionalOnClass did not find required class 'org.springframework.security.oauth2.server.authorization.OAuth2AuthorizationService' (OnClassCondition)

   SpringDocSecurityConfiguration.SpringSecurityLoginEndpointConfiguration#springSecurityLoginEndpointCustomiser:
      Did not match:
         - @ConditionalOnProperty (springdoc.show-login-endpoint) did not find property 'springdoc.show-login-endpoint' (OnPropertyCondition)

   SpringDocSortConfiguration#delegatingMethodParameterCustomizer:
      Did not match:
         - @ConditionalOnMissingBean (types: org.springdoc.core.customizers.DelegatingMethodParameterCustomizer; SearchStrategy: all) found beans of type 'org.springdoc.core.customizers.DelegatingMethodParameterCustomizer' delegatingMethodParameterCustomizer (OnBeanCondition)

   SpringDocWebMvcConfiguration.SpringDocWebMvcActuatorConfiguration:
      Did not match:
         - @ConditionalOnClass did not find required class 'org.springframework.boot.actuate.endpoint.web.servlet.WebMvcEndpointHandlerMapping' (OnClassCondition)

   SwaggerConfig#springWebProvider:
      Did not match:
         - @ConditionalOnMissingBean (types: org.springdoc.core.providers.SpringWebProvider; SearchStrategy: all) found beans of type 'org.springdoc.core.providers.SpringWebProvider' springWebProvider (OnBeanCondition)

   SwaggerConfig#swaggerUiConfigParameters:
      Did not match:
         - @ConditionalOnMissingBean (types: org.springdoc.core.properties.SwaggerUiConfigParameters; SearchStrategy: all) found beans of type 'org.springdoc.core.properties.SwaggerUiConfigParameters' org.springdoc.core.properties.SwaggerUiConfigParameters (OnBeanCondition)

   SwaggerConfig#swaggerUiHome:
      Did not match:
         - @ConditionalOnProperty (springdoc.swagger-ui.use-root-path=true) did not find property 'springdoc.swagger-ui.use-root-path' (OnPropertyCondition)

   SwaggerConfig.SwaggerActuatorWelcomeConfiguration:
      Did not match:
         - @ConditionalOnClass did not find required class 'org.springframework.boot.actuate.endpoint.web.servlet.WebMvcEndpointHandlerMapping' (OnClassCondition)

   TaskExecutorConfigurations.SimpleAsyncTaskExecutorBuilderConfiguration#simpleAsyncTaskExecutorBuilderVirtualThreads:
      Did not match:
         - @ConditionalOnMissingBean (types: org.springframework.boot.task.SimpleAsyncTaskExecutorBuilder; SearchStrategy: all) found beans of type 'org.springframework.boot.task.SimpleAsyncTaskExecutorBuilder' simpleAsyncTaskExecutorBuilder (OnBeanCondition)

   TaskExecutorConfigurations.TaskExecutorConfiguration#applicationTaskExecutorVirtualThreads:
      Did not match:
         - @ConditionalOnThreading did not find VIRTUAL (OnThreadingCondition)

   TaskSchedulingAutoConfiguration#scheduledBeanLazyInitializationExcludeFilter:
      Did not match:
         - @ConditionalOnBean (names: org.springframework.context.annotation.internalScheduledAnnotationProcessor; SearchStrategy: all) did not find any beans named org.springframework.context.annotation.internalScheduledAnnotationProcessor (OnBeanCondition)

   TaskSchedulingConfigurations.SimpleAsyncTaskSchedulerBuilderConfiguration#simpleAsyncTaskSchedulerBuilderVirtualThreads:
      Did not match:
         - @ConditionalOnMissingBean (types: org.springframework.boot.task.SimpleAsyncTaskSchedulerBuilder; SearchStrategy: all) found beans of type 'org.springframework.boot.task.SimpleAsyncTaskSchedulerBuilder' simpleAsyncTaskSchedulerBuilder (OnBeanCondition)

   TaskSchedulingConfigurations.TaskSchedulerConfiguration:
      Did not match:
         - @ConditionalOnBean (names: org.springframework.context.annotation.internalScheduledAnnotationProcessor; SearchStrategy: all) did not find any beans named org.springframework.context.annotation.internalScheduledAnnotationProcessor (OnBeanCondition)

   ThymeleafAutoConfiguration:
      Did not match:
         - @ConditionalOnClass did not find required class 'org.thymeleaf.spring6.SpringTemplateEngine' (OnClassCondition)

   TransactionAutoConfiguration#transactionalOperator:
      Did not match:
         - @ConditionalOnSingleCandidate (types: org.springframework.transaction.ReactiveTransactionManager; SearchStrategy: all) did not find any beans (OnBeanCondition)

   TransactionAutoConfiguration.AspectJTransactionManagementConfiguration:
      Did not match:
         - @ConditionalOnBean (types: org.springframework.transaction.aspectj.AbstractTransactionAspect; SearchStrategy: all) did not find any beans of type org.springframework.transaction.aspectj.AbstractTransactionAspect (OnBeanCondition)

   TransactionAutoConfiguration.EnableTransactionManagementConfiguration.JdkDynamicAutoProxyConfiguration:
      Did not match:
         - @ConditionalOnProperty (spring.aop.proxy-target-class=false) did not find property 'proxy-target-class' (OnPropertyCondition)

   UserDetailsServiceAutoConfiguration:
      Did not match:
         - @ConditionalOnMissingBean (types: org.springframework.security.authentication.AuthenticationManager,org.springframework.security.authentication.AuthenticationProvider,org.springframework.security.core.userdetails.UserDetailsService,org.springframework.security.authentication.AuthenticationManagerResolver,org.springframework.security.oauth2.jwt.JwtDecoder; SearchStrategy: all) found beans of type 'org.springframework.security.authentication.AuthenticationManager' authenticationManager and found beans of type 'org.springframework.security.core.userdetails.UserDetailsService' userDetailsService and found beans of type 'org.springframework.security.authentication.AuthenticationProvider' authenticationProvider (OnBeanCondition)
      Matched:
         - @ConditionalOnClass found required class 'org.springframework.security.authentication.AuthenticationManager' (OnClassCondition)
         - found 'session' scope (OnWebApplicationCondition)
         - AnyNestedCondition 1 matched 2 did not; NestedCondition on UserDetailsServiceAutoConfiguration.MissingAlternativeOrUserPropertiesConfigured.PasswordConfigured @ConditionalOnProperty (spring.security.user.password) did not find property 'password'; NestedCondition on UserDetailsServiceAutoConfiguration.MissingAlternativeOrUserPropertiesConfigured.NameConfigured @ConditionalOnProperty (spring.security.user.name) did not find property 'name'; NestedCondition on UserDetailsServiceAutoConfiguration.MissingAlternativeOrUserPropertiesConfigured.MissingAlternative @ConditionalOnMissingClass did not find unwanted classes 'org.springframework.security.oauth2.client.registration.ClientRegistrationRepository', 'org.springframework.security.oauth2.server.resource.introspection.OpaqueTokenIntrospector', 'org.springframework.security.saml2.provider.service.registration.RelyingPartyRegistrationRepository' (UserDetailsServiceAutoConfiguration.MissingAlternativeOrUserPropertiesConfigured)

   WebClientAutoConfiguration:
      Did not match:
         - @ConditionalOnClass did not find required class 'org.springframework.web.reactive.function.client.WebClient' (OnClassCondition)

   WebFluxAutoConfiguration:
      Did not match:
         - @ConditionalOnClass did not find required class 'org.springframework.web.reactive.config.WebFluxConfigurer' (OnClassCondition)

   WebMvcAutoConfiguration#hiddenHttpMethodFilter:
      Did not match:
         - @ConditionalOnProperty (spring.mvc.hiddenmethod.filter.enabled) did not find property 'enabled' (OnPropertyCondition)

   WebMvcAutoConfiguration.ProblemDetailsErrorHandlingConfiguration:
      Did not match:
         - @ConditionalOnProperty (spring.mvc.problemdetails.enabled=true) did not find property 'enabled' (OnPropertyCondition)

   WebMvcAutoConfiguration.ResourceChainCustomizerConfiguration:
      Did not match:
         - @ConditionalOnEnabledResourceChain did not find class org.webjars.WebJarVersionLocator (OnEnabledResourceChainCondition)

   WebMvcAutoConfiguration.WebMvcAutoConfigurationAdapter#beanNameViewResolver:
      Did not match:
         - @ConditionalOnMissingBean (types: org.springframework.web.servlet.view.BeanNameViewResolver; SearchStrategy: all) found beans of type 'org.springframework.web.servlet.view.BeanNameViewResolver' beanNameViewResolver (OnBeanCondition)

   WebServicesAutoConfiguration#wsdlDefinitionBeanFactoryPostProcessor:
      Did not match:
         - WSDL locations did not find property spring.webservices.wsdl-locations (OnWsdlLocationsCondition)

   WebSessionIdResolverAutoConfiguration:
      Did not match:
         - @ConditionalOnClass did not find required class 'reactor.core.publisher.Mono' (OnClassCondition)

   WebSocketMessagingAutoConfiguration:
      Did not match:
         - @ConditionalOnClass did not find required class 'org.springframework.web.socket.config.annotation.WebSocketMessageBrokerConfigurer' (OnClassCondition)

   WebSocketReactiveAutoConfiguration:
      Did not match:
         - @ConditionalOnWebApplication did not find reactive web application classes (OnWebApplicationCondition)

   WebSocketServletAutoConfiguration.JettyWebSocketConfiguration:
      Did not match:
         - @ConditionalOnClass did not find required class 'org.eclipse.jetty.ee10.websocket.jakarta.server.config.JakartaWebSocketServletContainerInitializer' (OnClassCondition)

   WebSocketServletAutoConfiguration.UndertowWebSocketConfiguration:
      Did not match:
         - @ConditionalOnClass did not find required class 'io.undertow.websockets.jsr.Bootstrap' (OnClassCondition)

   XADataSourceAutoConfiguration:
      Did not match:
         - @ConditionalOnBean (types: org.springframework.boot.jdbc.XADataSourceWrapper; SearchStrategy: all) did not find any beans of type org.springframework.boot.jdbc.XADataSourceWrapper (OnBeanCondition)
      Matched:
         - @ConditionalOnClass found required classes 'javax.sql.DataSource', 'jakarta.transaction.TransactionManager', 'org.springframework.jdbc.datasource.embedded.EmbeddedDatabaseType' (OnClassCondition)


Exclusions:
-----------

    None


Unconditional classes:
----------------------

    org.springframework.boot.autoconfigure.context.ConfigurationPropertiesAutoConfiguration

    org.springframework.boot.autoconfigure.ssl.SslAutoConfiguration

    org.springframework.boot.autoconfigure.context.PropertyPlaceholderAutoConfiguration

    org.springframework.boot.autoconfigure.context.LifecycleAutoConfiguration

    org.springdoc.core.configuration.SpringDocSpecPropertiesConfiguration

    org.springframework.boot.autoconfigure.availability.ApplicationAvailabilityAutoConfiguration

    org.springframework.boot.autoconfigure.info.ProjectInfoAutoConfiguration



2025-01-10T16:14:21.787-06:00  INFO 14620 --- [proyectoFinal] [           main] c.u.d.ProyectoFinalApplicationTests      : Started ProyectoFinalApplicationTests in 4.919 seconds (process running for 5.796)
2025-01-10T16:14:21.793-06:00 DEBUG 14620 --- [proyectoFinal] [           main] o.s.b.a.ApplicationAvailabilityBean      : Application availability state LivenessState changed to CORRECT
2025-01-10T16:14:21.811-06:00 DEBUG 14620 --- [proyectoFinal] [           main] o.s.boot.devtools.restart.Restarter      : Creating new Restarter for thread Thread[#1,main,5,main]
2025-01-10T16:14:21.813-06:00 DEBUG 14620 --- [proyectoFinal] [           main] o.s.b.a.ApplicationAvailabilityBean      : Application availability state ReadinessState changed to ACCEPTING_TRAFFIC
2025-01-10T16:14:21.817-06:00 DEBUG 14620 --- [proyectoFinal] [           main] org.springframework.test.context.cache   : Spring test ApplicationContext cache statistics: [DefaultContextCache@4f50e974 size = 1, maxSize = 32, parentContextCount = 0, hitCount = 0, missCount = 1, failureCount = 0]
2025-01-10T16:14:21.818-06:00 DEBUG 14620 --- [proyectoFinal] [           main] o.s.t.c.w.ServletTestExecutionListener   : Setting up MockHttpServletRequest, MockHttpServletResponse, ServletWebRequest, and RequestContextHolder for test class com.upiiz.discounts.ProyectoFinalApplicationTests
2025-01-10T16:14:21.836-06:00 DEBUG 14620 --- [proyectoFinal] [           main] DependencyInjectionTestExecutionListener : Performing dependency injection for test class com.upiiz.discounts.ProyectoFinalApplicationTests
2025-01-10T16:14:21.836-06:00 DEBUG 14620 --- [proyectoFinal] [           main] org.springframework.test.context.cache   : Spring test ApplicationContext cache statistics: [DefaultContextCache@4f50e974 size = 1, maxSize = 32, parentContextCount = 0, hitCount = 1, missCount = 1, failureCount = 0]
2025-01-10T16:14:21.838-06:00 DEBUG 14620 --- [proyectoFinal] [           main] org.springframework.test.context.cache   : Spring test ApplicationContext cache statistics: [DefaultContextCache@4f50e974 size = 1, maxSize = 32, parentContextCount = 0, hitCount = 2, missCount = 1, failureCount = 0]
2025-01-10T16:14:21.843-06:00 DEBUG 14620 --- [proyectoFinal] [           main] sContextBeforeModesTestExecutionListener : Before test method: class [ProyectoFinalApplicationTests], method [contextLoads], class annotated with @DirtiesContext [false] with mode [null], method annotated with @DirtiesContext [false] with mode [null]
2025-01-10T16:14:21.848-06:00 DEBUG 14620 --- [proyectoFinal] [           main] org.springframework.test.context.cache   : Spring test ApplicationContext cache statistics: [DefaultContextCache@4f50e974 size = 1, maxSize = 32, parentContextCount = 0, hitCount = 3, missCount = 1, failureCount = 0]
2025-01-10T16:14:21.850-06:00 DEBUG 14620 --- [proyectoFinal] [           main] org.springframework.test.context.cache   : Spring test ApplicationContext cache statistics: [DefaultContextCache@4f50e974 size = 1, maxSize = 32, parentContextCount = 0, hitCount = 4, missCount = 1, failureCount = 0]
2025-01-10T16:14:22.420-06:00 DEBUG 14620 --- [proyectoFinal] [           main] org.springframework.test.context.cache   : Spring test ApplicationContext cache statistics: [DefaultContextCache@4f50e974 size = 1, maxSize = 32, parentContextCount = 0, hitCount = 5, missCount = 1, failureCount = 0]
2025-01-10T16:14:22.426-06:00 DEBUG 14620 --- [proyectoFinal] [           main] org.springframework.test.context.cache   : Spring test ApplicationContext cache statistics: [DefaultContextCache@4f50e974 size = 1, maxSize = 32, parentContextCount = 0, hitCount = 6, missCount = 1, failureCount = 0]
2025-01-10T16:14:22.433-06:00 DEBUG 14620 --- [proyectoFinal] [           main] org.springframework.test.context.cache   : Spring test ApplicationContext cache statistics: [DefaultContextCache@4f50e974 size = 1, maxSize = 32, parentContextCount = 0, hitCount = 7, missCount = 1, failureCount = 0]
2025-01-10T16:14:22.434-06:00 DEBUG 14620 --- [proyectoFinal] [           main] org.springframework.test.context.cache   : Spring test ApplicationContext cache statistics: [DefaultContextCache@4f50e974 size = 1, maxSize = 32, parentContextCount = 0, hitCount = 8, missCount = 1, failureCount = 0]
2025-01-10T16:14:22.435-06:00 DEBUG 14620 --- [proyectoFinal] [           main] org.springframework.test.context.cache   : Spring test ApplicationContext cache statistics: [DefaultContextCache@4f50e974 size = 1, maxSize = 32, parentContextCount = 0, hitCount = 9, missCount = 1, failureCount = 0]
2025-01-10T16:14:22.435-06:00 DEBUG 14620 --- [proyectoFinal] [           main] org.springframework.test.context.cache   : Spring test ApplicationContext cache statistics: [DefaultContextCache@4f50e974 size = 1, maxSize = 32, parentContextCount = 0, hitCount = 10, missCount = 1, failureCount = 0]
2025-01-10T16:14:22.436-06:00 DEBUG 14620 --- [proyectoFinal] [           main] org.springframework.test.context.cache   : Spring test ApplicationContext cache statistics: [DefaultContextCache@4f50e974 size = 1, maxSize = 32, parentContextCount = 0, hitCount = 11, missCount = 1, failureCount = 0]
2025-01-10T16:14:22.437-06:00 DEBUG 14620 --- [proyectoFinal] [           main] org.springframework.test.context.cache   : Spring test ApplicationContext cache statistics: [DefaultContextCache@4f50e974 size = 1, maxSize = 32, parentContextCount = 0, hitCount = 12, missCount = 1, failureCount = 0]
2025-01-10T16:14:22.438-06:00 DEBUG 14620 --- [proyectoFinal] [           main] org.springframework.test.context.cache   : Spring test ApplicationContext cache statistics: [DefaultContextCache@4f50e974 size = 1, maxSize = 32, parentContextCount = 0, hitCount = 13, missCount = 1, failureCount = 0]
2025-01-10T16:14:22.441-06:00 DEBUG 14620 --- [proyectoFinal] [           main] org.springframework.test.context.cache   : Spring test ApplicationContext cache statistics: [DefaultContextCache@4f50e974 size = 1, maxSize = 32, parentContextCount = 0, hitCount = 14, missCount = 1, failureCount = 0]
2025-01-10T16:14:22.442-06:00 DEBUG 14620 --- [proyectoFinal] [           main] .c.s.DirtiesContextTestExecutionListener : After test method: class [ProyectoFinalApplicationTests], method [contextLoads], class annotated with @DirtiesContext [false] with mode [null], method annotated with @DirtiesContext [false] with mode [null]
2025-01-10T16:14:22.442-06:00 DEBUG 14620 --- [proyectoFinal] [           main] o.s.t.c.w.ServletTestExecutionListener   : Resetting RequestContextHolder for test class com.upiiz.discounts.ProyectoFinalApplicationTests
]]></system-out>
  </testcase>
</testsuite>